INFO: [SIM 2] *************** CSIM start ***************
INFO: [SIM 4] CSIM will launch GCC as the compiler.
   Compiling ../../../src/tb_mxu.cpp in release mode
   Compiling ../../../src/im2col.cpp in release mode
   Generating csim.exe
1 2 33 34 
2 3 34 35 
3 4 35 36 
4 5 36 37 
5 6 37 38 
6 7 38 39 
7 8 39 40 
8 9 40 41 
9 10 41 42 
10 11 42 43 
11 12 43 44 
12 13 44 45 
13 14 45 46 
14 15 46 47 
15 16 47 48 
16 17 48 49 
17 18 49 50 
18 19 50 51 
19 20 51 52 
20 21 52 53 
21 22 53 54 
22 23 54 55 
23 24 55 56 
24 25 56 57 
25 26 57 58 
26 27 58 59 
27 28 59 60 
28 29 60 61 
29 30 61 62 
30 31 62 63 
31 32 63 64 
33 34 65 66 
34 35 66 67 
35 36 67 68 
36 37 68 69 
37 38 69 70 
38 39 70 71 
39 40 71 72 
40 41 72 73 
41 42 73 74 
42 43 74 75 
43 44 75 76 
44 45 76 77 
45 46 77 78 
46 47 78 79 
47 48 79 80 
48 49 80 81 
49 50 81 82 
50 51 82 83 
51 52 83 84 
52 53 84 85 
53 54 85 86 
54 55 86 87 
55 56 87 88 
56 57 88 89 
57 58 89 90 
58 59 90 91 
59 60 91 92 
60 61 92 93 
61 62 93 94 
62 63 94 95 
63 64 95 96 
65 66 97 98 
66 67 98 99 
67 68 99 100 
68 69 100 101 
69 70 101 102 
70 71 102 103 
71 72 103 104 
72 73 104 105 
73 74 105 106 
74 75 106 107 
75 76 107 108 
76 77 108 109 
77 78 109 110 
78 79 110 111 
79 80 111 112 
80 81 112 113 
81 82 113 114 
82 83 114 115 
83 84 115 116 
84 85 116 117 
85 86 117 118 
86 87 118 119 
87 88 119 120 
88 89 120 121 
89 90 121 122 
90 91 122 123 
91 92 123 124 
92 93 124 125 
93 94 125 126 
94 95 126 127 
95 96 127 128 
97 98 129 130 
98 99 130 131 
99 100 131 132 
100 101 132 133 
101 102 133 134 
102 103 134 135 
103 104 135 136 
104 105 136 137 
105 106 137 138 
106 107 138 139 
107 108 139 140 
108 109 140 141 
109 110 141 142 
110 111 142 143 
111 112 143 144 
112 113 144 145 
113 114 145 146 
114 115 146 147 
115 116 147 148 
116 117 148 149 
117 118 149 150 
118 119 150 151 
119 120 151 152 
120 121 152 153 
121 122 153 154 
122 123 154 155 
123 124 155 156 
124 125 156 157 
125 126 157 158 
126 127 158 159 
127 128 159 160 
129 130 161 162 
130 131 162 163 
131 132 163 164 
132 133 164 165 
133 134 165 166 
134 135 166 167 
135 136 167 168 
136 137 168 169 
137 138 169 170 
138 139 170 171 
139 140 171 172 
140 141 172 173 
141 142 173 174 
142 143 174 175 
143 144 175 176 
144 145 176 177 
145 146 177 178 
146 147 178 179 
147 148 179 180 
148 149 180 181 
149 150 181 182 
150 151 182 183 
151 152 183 184 
152 153 184 185 
153 154 185 186 
154 155 186 187 
155 156 187 188 
156 157 188 189 
157 158 189 190 
158 159 190 191 
159 160 191 192 
161 162 193 194 
162 163 194 195 
163 164 195 196 
164 165 196 197 
165 166 197 198 
166 167 198 199 
167 168 199 200 
168 169 200 201 
169 170 201 202 
170 171 202 203 
171 172 203 204 
172 173 204 205 
173 174 205 206 
174 175 206 207 
175 176 207 208 
176 177 208 209 
177 178 209 210 
178 179 210 211 
179 180 211 212 
180 181 212 213 
181 182 213 214 
182 183 214 215 
183 184 215 216 
184 185 216 217 
185 186 217 218 
186 187 218 219 
187 188 219 220 
188 189 220 221 
189 190 221 222 
190 191 222 223 
191 192 223 224 
193 194 225 226 
194 195 226 227 
195 196 227 228 
196 197 228 229 
197 198 229 230 
198 199 230 231 
199 200 231 232 
200 201 232 233 
201 202 233 234 
202 203 234 235 
203 204 235 236 
204 205 236 237 
205 206 237 238 
206 207 238 239 
207 208 239 240 
208 209 240 241 
209 210 241 242 
210 211 242 243 
211 212 243 244 
212 213 244 245 
213 214 245 246 
214 215 246 247 
215 216 247 248 
216 217 248 249 
217 218 249 250 
218 219 250 251 
219 220 251 252 
220 221 252 253 
221 222 253 254 
222 223 254 255 
223 224 255 256 
225 226 257 258 
226 227 258 259 
227 228 259 260 
228 229 260 261 
229 230 261 262 
230 231 262 263 
231 232 263 264 
232 233 264 265 
233 234 265 266 
234 235 266 267 
235 236 267 268 
236 237 268 269 
237 238 269 270 
238 239 270 271 
239 240 271 272 
240 241 272 273 
241 242 273 274 
242 243 274 275 
243 244 275 276 
244 245 276 277 
245 246 277 278 
246 247 278 279 
247 248 279 280 
248 249 280 281 
249 250 281 282 
250 251 282 283 
251 252 283 284 
252 253 284 285 
253 254 285 286 
254 255 286 287 
255 256 287 288 
257 258 289 290 
258 259 290 291 
259 260 291 292 
260 261 292 293 
261 262 293 294 
262 263 294 295 
263 264 295 296 
264 265 296 297 
265 266 297 298 
266 267 298 299 
267 268 299 300 
268 269 300 301 
269 270 301 302 
270 271 302 303 
271 272 303 304 
272 273 304 305 
273 274 305 306 
274 275 306 307 
275 276 307 308 
276 277 308 309 
277 278 309 310 
278 279 310 311 
279 280 311 312 
280 281 312 313 
281 282 313 314 
282 283 314 315 
283 284 315 316 
284 285 316 317 
285 286 317 318 
286 287 318 319 
287 288 319 320 
289 290 321 322 
290 291 322 323 
291 292 323 324 
292 293 324 325 
293 294 325 326 
294 295 326 327 
295 296 327 328 
296 297 328 329 
297 298 329 330 
298 299 330 331 
299 300 331 332 
300 301 332 333 
301 302 333 334 
302 303 334 335 
303 304 335 336 
304 305 336 337 
305 306 337 338 
306 307 338 339 
307 308 339 340 
308 309 340 341 
309 310 341 342 
310 311 342 343 
311 312 343 344 
312 313 344 345 
313 314 345 346 
314 315 346 347 
315 316 347 348 
316 317 348 349 
317 318 349 350 
318 319 350 351 
319 320 351 352 
321 322 353 354 
322 323 354 355 
323 324 355 356 
324 325 356 357 
325 326 357 358 
326 327 358 359 
327 328 359 360 
328 329 360 361 
329 330 361 362 
330 331 362 363 
331 332 363 364 
332 333 364 365 
333 334 365 366 
334 335 366 367 
335 336 367 368 
336 337 368 369 
337 338 369 370 
338 339 370 371 
339 340 371 372 
340 341 372 373 
341 342 373 374 
342 343 374 375 
343 344 375 376 
344 345 376 377 
345 346 377 378 
346 347 378 379 
347 348 379 380 
348 349 380 381 
349 350 381 382 
350 351 382 383 
351 352 383 384 
353 354 385 386 
354 355 386 387 
355 356 387 388 
356 357 388 389 
357 358 389 390 
358 359 390 391 
359 360 391 392 
360 361 392 393 
361 362 393 394 
362 363 394 395 
363 364 395 396 
364 365 396 397 
365 366 397 398 
366 367 398 399 
367 368 399 400 
368 369 400 401 
369 370 401 402 
370 371 402 403 
371 372 403 404 
372 373 404 405 
373 374 405 406 
374 375 406 407 
375 376 407 408 
376 377 408 409 
377 378 409 410 
378 379 410 411 
379 380 411 412 
380 381 412 413 
381 382 413 414 
382 383 414 415 
383 384 415 416 
385 386 417 418 
386 387 418 419 
387 388 419 420 
388 389 420 421 
389 390 421 422 
390 391 422 423 
391 392 423 424 
392 393 424 425 
393 394 425 426 
394 395 426 427 
395 396 427 428 
396 397 428 429 
397 398 429 430 
398 399 430 431 
399 400 431 432 
400 401 432 433 
401 402 433 434 
402 403 434 435 
403 404 435 436 
404 405 436 437 
405 406 437 438 
406 407 438 439 
407 408 439 440 
408 409 440 441 
409 410 441 442 
410 411 442 443 
411 412 443 444 
412 413 444 445 
413 414 445 446 
414 415 446 447 
415 416 447 448 
417 418 449 450 
418 419 450 451 
419 420 451 452 
420 421 452 453 
421 422 453 454 
422 423 454 455 
423 424 455 456 
424 425 456 457 
425 426 457 458 
426 427 458 459 
427 428 459 460 
428 429 460 461 
429 430 461 462 
430 431 462 463 
431 432 463 464 
432 433 464 465 
433 434 465 466 
434 435 466 467 
435 436 467 468 
436 437 468 469 
437 438 469 470 
438 439 470 471 
439 440 471 472 
440 441 472 473 
441 442 473 474 
442 443 474 475 
443 444 475 476 
444 445 476 477 
445 446 477 478 
446 447 478 479 
447 448 479 480 
449 450 481 482 
450 451 482 483 
451 452 483 484 
452 453 484 485 
453 454 485 486 
454 455 486 487 
455 456 487 488 
456 457 488 489 
457 458 489 490 
458 459 490 491 
459 460 491 492 
460 461 492 493 
461 462 493 494 
462 463 494 495 
463 464 495 496 
464 465 496 497 
465 466 497 498 
466 467 498 499 
467 468 499 500 
468 469 500 501 
469 470 501 502 
470 471 502 503 
471 472 503 504 
472 473 504 505 
473 474 505 506 
474 475 506 507 
475 476 507 508 
476 477 508 509 
477 478 509 510 
478 479 510 511 
479 480 511 512 
481 482 513 514 
482 483 514 515 
483 484 515 516 
484 485 516 517 
485 486 517 518 
486 487 518 519 
487 488 519 520 
488 489 520 521 
489 490 521 522 
490 491 522 523 
491 492 523 524 
492 493 524 525 
493 494 525 526 
494 495 526 527 
495 496 527 528 
496 497 528 529 
497 498 529 530 
498 499 530 531 
499 500 531 532 
500 501 532 533 
501 502 533 534 
502 503 534 535 
503 504 535 536 
504 505 536 537 
505 506 537 538 
506 507 538 539 
507 508 539 540 
508 509 540 541 
509 510 541 542 
510 511 542 543 
511 512 543 544 
513 514 545 546 
514 515 546 547 
515 516 547 548 
516 517 548 549 
517 518 549 550 
518 519 550 551 
519 520 551 552 
520 521 552 553 
521 522 553 554 
522 523 554 555 
523 524 555 556 
524 525 556 557 
525 526 557 558 
526 527 558 559 
527 528 559 560 
528 529 560 561 
529 530 561 562 
530 531 562 563 
531 532 563 564 
532 533 564 565 
533 534 565 566 
534 535 566 567 
535 536 567 568 
536 537 568 569 
537 538 569 570 
538 539 570 571 
539 540 571 572 
540 541 572 573 
541 542 573 574 
542 543 574 575 
543 544 575 576 
545 546 577 578 
546 547 578 579 
547 548 579 580 
548 549 580 581 
549 550 581 582 
550 551 582 583 
551 552 583 584 
552 553 584 585 
553 554 585 586 
554 555 586 587 
555 556 587 588 
556 557 588 589 
557 558 589 590 
558 559 590 591 
559 560 591 592 
560 561 592 593 
561 562 593 594 
562 563 594 595 
563 564 595 596 
564 565 596 597 
565 566 597 598 
566 567 598 599 
567 568 599 600 
568 569 600 601 
569 570 601 602 
570 571 602 603 
571 572 603 604 
572 573 604 605 
573 574 605 606 
574 575 606 607 
575 576 607 608 
577 578 609 610 
578 579 610 611 
579 580 611 612 
580 581 612 613 
581 582 613 614 
582 583 614 615 
583 584 615 616 
584 585 616 617 
585 586 617 618 
586 587 618 619 
587 588 619 620 
588 589 620 621 
589 590 621 622 
590 591 622 623 
591 592 623 624 
592 593 624 625 
593 594 625 626 
594 595 626 627 
595 596 627 628 
596 597 628 629 
597 598 629 630 
598 599 630 631 
599 600 631 632 
600 601 632 633 
601 602 633 634 
602 603 634 635 
603 604 635 636 
604 605 636 637 
605 606 637 638 
606 607 638 639 
607 608 639 640 
609 610 641 642 
610 611 642 643 
611 612 643 644 
612 613 644 645 
613 614 645 646 
614 615 646 647 
615 616 647 648 
616 617 648 649 
617 618 649 650 
618 619 650 651 
619 620 651 652 
620 621 652 653 
621 622 653 654 
622 623 654 655 
623 624 655 656 
624 625 656 657 
625 626 657 658 
626 627 658 659 
627 628 659 660 
628 629 660 661 
629 630 661 662 
630 631 662 663 
631 632 663 664 
632 633 664 665 
633 634 665 666 
634 635 666 667 
635 636 667 668 
636 637 668 669 
637 638 669 670 
638 639 670 671 
639 640 671 672 
641 642 673 674 
642 643 674 675 
643 644 675 676 
644 645 676 677 
645 646 677 678 
646 647 678 679 
647 648 679 680 
648 649 680 681 
649 650 681 682 
650 651 682 683 
651 652 683 684 
652 653 684 685 
653 654 685 686 
654 655 686 687 
655 656 687 688 
656 657 688 689 
657 658 689 690 
658 659 690 691 
659 660 691 692 
660 661 692 693 
661 662 693 694 
662 663 694 695 
663 664 695 696 
664 665 696 697 
665 666 697 698 
666 667 698 699 
667 668 699 700 
668 669 700 701 
669 670 701 702 
670 671 702 703 
671 672 703 704 
673 674 705 706 
674 675 706 707 
675 676 707 708 
676 677 708 709 
677 678 709 710 
678 679 710 711 
679 680 711 712 
680 681 712 713 
681 682 713 714 
682 683 714 715 
683 684 715 716 
684 685 716 717 
685 686 717 718 
686 687 718 719 
687 688 719 720 
688 689 720 721 
689 690 721 722 
690 691 722 723 
691 692 723 724 
692 693 724 725 
693 694 725 726 
694 695 726 727 
695 696 727 728 
696 697 728 729 
697 698 729 730 
698 699 730 731 
699 700 731 732 
700 701 732 733 
701 702 733 734 
702 703 734 735 
703 704 735 736 
705 706 737 738 
706 707 738 739 
707 708 739 740 
708 709 740 741 
709 710 741 742 
710 711 742 743 
711 712 743 744 
712 713 744 745 
713 714 745 746 
714 715 746 747 
715 716 747 748 
716 717 748 749 
717 718 749 750 
718 719 750 751 
719 720 751 752 
720 721 752 753 
721 722 753 754 
722 723 754 755 
723 724 755 756 
724 725 756 757 
725 726 757 758 
726 727 758 759 
727 728 759 760 
728 729 760 761 
729 730 761 762 
730 731 762 763 
731 732 763 764 
732 733 764 765 
733 734 765 766 
734 735 766 767 
735 736 767 768 
737 738 769 770 
738 739 770 771 
739 740 771 772 
740 741 772 773 
741 742 773 774 
742 743 774 775 
743 744 775 776 
744 745 776 777 
745 746 777 778 
746 747 778 779 
747 748 779 780 
748 749 780 781 
749 750 781 782 
750 751 782 783 
751 752 783 784 
752 753 784 785 
753 754 785 786 
754 755 786 787 
755 756 787 788 
756 757 788 789 
757 758 789 790 
758 759 790 791 
759 760 791 792 
760 761 792 793 
761 762 793 794 
762 763 794 795 
763 764 795 796 
764 765 796 797 
765 766 797 798 
766 767 798 799 
767 768 799 800 
769 770 801 802 
770 771 802 803 
771 772 803 804 
772 773 804 805 
773 774 805 806 
774 775 806 807 
775 776 807 808 
776 777 808 809 
777 778 809 810 
778 779 810 811 
779 780 811 812 
780 781 812 813 
781 782 813 814 
782 783 814 815 
783 784 815 816 
784 785 816 817 
785 786 817 818 
786 787 818 819 
787 788 819 820 
788 789 820 821 
789 790 821 822 
790 791 822 823 
791 792 823 824 
792 793 824 825 
793 794 825 826 
794 795 826 827 
795 796 827 828 
796 797 828 829 
797 798 829 830 
798 799 830 831 
799 800 831 832 
801 802 833 834 
802 803 834 835 
803 804 835 836 
804 805 836 837 
805 806 837 838 
806 807 838 839 
807 808 839 840 
808 809 840 841 
809 810 841 842 
810 811 842 843 
811 812 843 844 
812 813 844 845 
813 814 845 846 
814 815 846 847 
815 816 847 848 
816 817 848 849 
817 818 849 850 
818 819 850 851 
819 820 851 852 
820 821 852 853 
821 822 853 854 
822 823 854 855 
823 824 855 856 
824 825 856 857 
825 826 857 858 
826 827 858 859 
827 828 859 860 
828 829 860 861 
829 830 861 862 
830 831 862 863 
831 832 863 864 
833 834 865 866 
834 835 866 867 
835 836 867 868 
836 837 868 869 
837 838 869 870 
838 839 870 871 
839 840 871 872 
840 841 872 873 
841 842 873 874 
842 843 874 875 
843 844 875 876 
844 845 876 877 
845 846 877 878 
846 847 878 879 
847 848 879 880 
848 849 880 881 
849 850 881 882 
850 851 882 883 
851 852 883 884 
852 853 884 885 
853 854 885 886 
854 855 886 887 
855 856 887 888 
856 857 888 889 
857 858 889 890 
858 859 890 891 
859 860 891 892 
860 861 892 893 
861 862 893 894 
862 863 894 895 
863 864 895 896 
865 866 897 898 
866 867 898 899 
867 868 899 900 
868 869 900 901 
869 870 901 902 
870 871 902 903 
871 872 903 904 
872 873 904 905 
873 874 905 906 
874 875 906 907 
875 876 907 908 
876 877 908 909 
877 878 909 910 
878 879 910 911 
879 880 911 912 
880 881 912 913 
881 882 913 914 
882 883 914 915 
883 884 915 916 
884 885 916 917 
885 886 917 918 
886 887 918 919 
887 888 919 920 
888 889 920 921 
889 890 921 922 
890 891 922 923 
891 892 923 924 
892 893 924 925 
893 894 925 926 
894 895 926 927 
895 896 927 928 
897 898 929 930 
898 899 930 931 
899 900 931 932 
900 901 932 933 
901 902 933 934 
902 903 934 935 
903 904 935 936 
904 905 936 937 
905 906 937 938 
906 907 938 939 
907 908 939 940 
908 909 940 941 
909 910 941 942 
910 911 942 943 
911 912 943 944 
912 913 944 945 
913 914 945 946 
914 915 946 947 
915 916 947 948 
916 917 948 949 
917 918 949 950 
918 919 950 951 
919 920 951 952 
920 921 952 953 
921 922 953 954 
922 923 954 955 
923 924 955 956 
924 925 956 957 
925 926 957 958 
926 927 958 959 
927 928 959 960 
929 930 961 962 
930 931 962 963 
931 932 963 964 
932 933 964 965 
933 934 965 966 
934 935 966 967 
935 936 967 968 
936 937 968 969 
937 938 969 970 
938 939 970 971 
939 940 971 972 
940 941 972 973 
941 942 973 974 
942 943 974 975 
943 944 975 976 
944 945 976 977 
945 946 977 978 
946 947 978 979 
947 948 979 980 
948 949 980 981 
949 950 981 982 
950 951 982 983 
951 952 983 984 
952 953 984 985 
953 954 985 986 
954 955 986 987 
955 956 987 988 
956 957 988 989 
957 958 989 990 
958 959 990 991 
959 960 991 992 
961 962 993 994 
962 963 994 995 
963 964 995 996 
964 965 996 997 
965 966 997 998 
966 967 998 999 
967 968 999 1000 
968 969 1000 1001 
969 970 1001 1002 
970 971 1002 1003 
971 972 1003 1004 
972 973 1004 1005 
973 974 1005 1006 
974 975 1006 1007 
975 976 1007 1008 
976 977 1008 1009 
977 978 1009 1010 
978 979 1010 1011 
979 980 1011 1012 
980 981 1012 1013 
981 982 1013 1014 
982 983 1014 1015 
983 984 1015 1016 
984 985 1016 1017 
985 986 1017 1018 
986 987 1018 1019 
987 988 1019 1020 
988 989 1020 1021 
989 990 1021 1022 
990 991 1022 1023 
991 992 1023 1024 
1025 1026 1057 1058 
1026 1027 1058 1059 
1027 1028 1059 1060 
1028 1029 1060 1061 
1029 1030 1061 1062 
1030 1031 1062 1063 
1031 1032 1063 1064 
1032 1033 1064 1065 
1033 1034 1065 1066 
1034 1035 1066 1067 
1035 1036 1067 1068 
1036 1037 1068 1069 
1037 1038 1069 1070 
1038 1039 1070 1071 
1039 1040 1071 1072 
1040 1041 1072 1073 
1041 1042 1073 1074 
1042 1043 1074 1075 
1043 1044 1075 1076 
1044 1045 1076 1077 
1045 1046 1077 1078 
1046 1047 1078 1079 
1047 1048 1079 1080 
1048 1049 1080 1081 
1049 1050 1081 1082 
1050 1051 1082 1083 
1051 1052 1083 1084 
1052 1053 1084 1085 
1053 1054 1085 1086 
1054 1055 1086 1087 
1055 1056 1087 1088 
1057 1058 1089 1090 
1058 1059 1090 1091 
1059 1060 1091 1092 
1060 1061 1092 1093 
1061 1062 1093 1094 
1062 1063 1094 1095 
1063 1064 1095 1096 
1064 1065 1096 1097 
1065 1066 1097 1098 
1066 1067 1098 1099 
1067 1068 1099 1100 
1068 1069 1100 1101 
1069 1070 1101 1102 
1070 1071 1102 1103 
1071 1072 1103 1104 
1072 1073 1104 1105 
1073 1074 1105 1106 
1074 1075 1106 1107 
1075 1076 1107 1108 
1076 1077 1108 1109 
1077 1078 1109 1110 
1078 1079 1110 1111 
1079 1080 1111 1112 
1080 1081 1112 1113 
1081 1082 1113 1114 
1082 1083 1114 1115 
1083 1084 1115 1116 
1084 1085 1116 1117 
1085 1086 1117 1118 
1086 1087 1118 1119 
1087 1088 1119 1120 
1089 1090 1121 1122 
1090 1091 1122 1123 
1091 1092 1123 1124 
1092 1093 1124 1125 
1093 1094 1125 1126 
1094 1095 1126 1127 
1095 1096 1127 1128 
1096 1097 1128 1129 
1097 1098 1129 1130 
1098 1099 1130 1131 
1099 1100 1131 1132 
1100 1101 1132 1133 
1101 1102 1133 1134 
1102 1103 1134 1135 
1103 1104 1135 1136 
1104 1105 1136 1137 
1105 1106 1137 1138 
1106 1107 1138 1139 
1107 1108 1139 1140 
1108 1109 1140 1141 
1109 1110 1141 1142 
1110 1111 1142 1143 
1111 1112 1143 1144 
1112 1113 1144 1145 
1113 1114 1145 1146 
1114 1115 1146 1147 
1115 1116 1147 1148 
1116 1117 1148 1149 
1117 1118 1149 1150 
1118 1119 1150 1151 
1119 1120 1151 1152 
1121 1122 1153 1154 
1122 1123 1154 1155 
1123 1124 1155 1156 
1124 1125 1156 1157 
1125 1126 1157 1158 
1126 1127 1158 1159 
1127 1128 1159 1160 
1128 1129 1160 1161 
1129 1130 1161 1162 
1130 1131 1162 1163 
1131 1132 1163 1164 
1132 1133 1164 1165 
1133 1134 1165 1166 
1134 1135 1166 1167 
1135 1136 1167 1168 
1136 1137 1168 1169 
1137 1138 1169 1170 
1138 1139 1170 1171 
1139 1140 1171 1172 
1140 1141 1172 1173 
1141 1142 1173 1174 
1142 1143 1174 1175 
1143 1144 1175 1176 
1144 1145 1176 1177 
1145 1146 1177 1178 
1146 1147 1178 1179 
1147 1148 1179 1180 
1148 1149 1180 1181 
1149 1150 1181 1182 
1150 1151 1182 1183 
1151 1152 1183 1184 
1153 1154 1185 1186 
1154 1155 1186 1187 
1155 1156 1187 1188 
1156 1157 1188 1189 
1157 1158 1189 1190 
1158 1159 1190 1191 
1159 1160 1191 1192 
1160 1161 1192 1193 
1161 1162 1193 1194 
1162 1163 1194 1195 
1163 1164 1195 1196 
1164 1165 1196 1197 
1165 1166 1197 1198 
1166 1167 1198 1199 
1167 1168 1199 1200 
1168 1169 1200 1201 
1169 1170 1201 1202 
1170 1171 1202 1203 
1171 1172 1203 1204 
1172 1173 1204 1205 
1173 1174 1205 1206 
1174 1175 1206 1207 
1175 1176 1207 1208 
1176 1177 1208 1209 
1177 1178 1209 1210 
1178 1179 1210 1211 
1179 1180 1211 1212 
1180 1181 1212 1213 
1181 1182 1213 1214 
1182 1183 1214 1215 
1183 1184 1215 1216 
1185 1186 1217 1218 
1186 1187 1218 1219 
1187 1188 1219 1220 
1188 1189 1220 1221 
1189 1190 1221 1222 
1190 1191 1222 1223 
1191 1192 1223 1224 
1192 1193 1224 1225 
1193 1194 1225 1226 
1194 1195 1226 1227 
1195 1196 1227 1228 
1196 1197 1228 1229 
1197 1198 1229 1230 
1198 1199 1230 1231 
1199 1200 1231 1232 
1200 1201 1232 1233 
1201 1202 1233 1234 
1202 1203 1234 1235 
1203 1204 1235 1236 
1204 1205 1236 1237 
1205 1206 1237 1238 
1206 1207 1238 1239 
1207 1208 1239 1240 
1208 1209 1240 1241 
1209 1210 1241 1242 
1210 1211 1242 1243 
1211 1212 1243 1244 
1212 1213 1244 1245 
1213 1214 1245 1246 
1214 1215 1246 1247 
1215 1216 1247 1248 
1217 1218 1249 1250 
1218 1219 1250 1251 
1219 1220 1251 1252 
1220 1221 1252 1253 
1221 1222 1253 1254 
1222 1223 1254 1255 
1223 1224 1255 1256 
1224 1225 1256 1257 
1225 1226 1257 1258 
1226 1227 1258 1259 
1227 1228 1259 1260 
1228 1229 1260 1261 
1229 1230 1261 1262 
1230 1231 1262 1263 
1231 1232 1263 1264 
1232 1233 1264 1265 
1233 1234 1265 1266 
1234 1235 1266 1267 
1235 1236 1267 1268 
1236 1237 1268 1269 
1237 1238 1269 1270 
1238 1239 1270 1271 
1239 1240 1271 1272 
1240 1241 1272 1273 
1241 1242 1273 1274 
1242 1243 1274 1275 
1243 1244 1275 1276 
1244 1245 1276 1277 
1245 1246 1277 1278 
1246 1247 1278 1279 
1247 1248 1279 1280 
1249 1250 1281 1282 
1250 1251 1282 1283 
1251 1252 1283 1284 
1252 1253 1284 1285 
1253 1254 1285 1286 
1254 1255 1286 1287 
1255 1256 1287 1288 
1256 1257 1288 1289 
1257 1258 1289 1290 
1258 1259 1290 1291 
1259 1260 1291 1292 
1260 1261 1292 1293 
1261 1262 1293 1294 
1262 1263 1294 1295 
1263 1264 1295 1296 
1264 1265 1296 1297 
1265 1266 1297 1298 
1266 1267 1298 1299 
1267 1268 1299 1300 
1268 1269 1300 1301 
1269 1270 1301 1302 
1270 1271 1302 1303 
1271 1272 1303 1304 
1272 1273 1304 1305 
1273 1274 1305 1306 
1274 1275 1306 1307 
1275 1276 1307 1308 
1276 1277 1308 1309 
1277 1278 1309 1310 
1278 1279 1310 1311 
1279 1280 1311 1312 
1281 1282 1313 1314 
1282 1283 1314 1315 
1283 1284 1315 1316 
1284 1285 1316 1317 
1285 1286 1317 1318 
1286 1287 1318 1319 
1287 1288 1319 1320 
1288 1289 1320 1321 
1289 1290 1321 1322 
1290 1291 1322 1323 
1291 1292 1323 1324 
1292 1293 1324 1325 
1293 1294 1325 1326 
1294 1295 1326 1327 
1295 1296 1327 1328 
1296 1297 1328 1329 
1297 1298 1329 1330 
1298 1299 1330 1331 
1299 1300 1331 1332 
1300 1301 1332 1333 
1301 1302 1333 1334 
1302 1303 1334 1335 
1303 1304 1335 1336 
1304 1305 1336 1337 
1305 1306 1337 1338 
1306 1307 1338 1339 
1307 1308 1339 1340 
1308 1309 1340 1341 
1309 1310 1341 1342 
1310 1311 1342 1343 
1311 1312 1343 1344 
1313 1314 1345 1346 
1314 1315 1346 1347 
1315 1316 1347 1348 
1316 1317 1348 1349 
1317 1318 1349 1350 
1318 1319 1350 1351 
1319 1320 1351 1352 
1320 1321 1352 1353 
1321 1322 1353 1354 
1322 1323 1354 1355 
1323 1324 1355 1356 
1324 1325 1356 1357 
1325 1326 1357 1358 
1326 1327 1358 1359 
1327 1328 1359 1360 
1328 1329 1360 1361 
1329 1330 1361 1362 
1330 1331 1362 1363 
1331 1332 1363 1364 
1332 1333 1364 1365 
1333 1334 1365 1366 
1334 1335 1366 1367 
1335 1336 1367 1368 
1336 1337 1368 1369 
1337 1338 1369 1370 
1338 1339 1370 1371 
1339 1340 1371 1372 
1340 1341 1372 1373 
1341 1342 1373 1374 
1342 1343 1374 1375 
1343 1344 1375 1376 
1345 1346 1377 1378 
1346 1347 1378 1379 
1347 1348 1379 1380 
1348 1349 1380 1381 
1349 1350 1381 1382 
1350 1351 1382 1383 
1351 1352 1383 1384 
1352 1353 1384 1385 
1353 1354 1385 1386 
1354 1355 1386 1387 
1355 1356 1387 1388 
1356 1357 1388 1389 
1357 1358 1389 1390 
1358 1359 1390 1391 
1359 1360 1391 1392 
1360 1361 1392 1393 
1361 1362 1393 1394 
1362 1363 1394 1395 
1363 1364 1395 1396 
1364 1365 1396 1397 
1365 1366 1397 1398 
1366 1367 1398 1399 
1367 1368 1399 1400 
1368 1369 1400 1401 
1369 1370 1401 1402 
1370 1371 1402 1403 
1371 1372 1403 1404 
1372 1373 1404 1405 
1373 1374 1405 1406 
1374 1375 1406 1407 
1375 1376 1407 1408 
1377 1378 1409 1410 
1378 1379 1410 1411 
1379 1380 1411 1412 
1380 1381 1412 1413 
1381 1382 1413 1414 
1382 1383 1414 1415 
1383 1384 1415 1416 
1384 1385 1416 1417 
1385 1386 1417 1418 
1386 1387 1418 1419 
1387 1388 1419 1420 
1388 1389 1420 1421 
1389 1390 1421 1422 
1390 1391 1422 1423 
1391 1392 1423 1424 
1392 1393 1424 1425 
1393 1394 1425 1426 
1394 1395 1426 1427 
1395 1396 1427 1428 
1396 1397 1428 1429 
1397 1398 1429 1430 
1398 1399 1430 1431 
1399 1400 1431 1432 
1400 1401 1432 1433 
1401 1402 1433 1434 
1402 1403 1434 1435 
1403 1404 1435 1436 
1404 1405 1436 1437 
1405 1406 1437 1438 
1406 1407 1438 1439 
1407 1408 1439 1440 
1409 1410 1441 1442 
1410 1411 1442 1443 
1411 1412 1443 1444 
1412 1413 1444 1445 
1413 1414 1445 1446 
1414 1415 1446 1447 
1415 1416 1447 1448 
1416 1417 1448 1449 
1417 1418 1449 1450 
1418 1419 1450 1451 
1419 1420 1451 1452 
1420 1421 1452 1453 
1421 1422 1453 1454 
1422 1423 1454 1455 
1423 1424 1455 1456 
1424 1425 1456 1457 
1425 1426 1457 1458 
1426 1427 1458 1459 
1427 1428 1459 1460 
1428 1429 1460 1461 
1429 1430 1461 1462 
1430 1431 1462 1463 
1431 1432 1463 1464 
1432 1433 1464 1465 
1433 1434 1465 1466 
1434 1435 1466 1467 
1435 1436 1467 1468 
1436 1437 1468 1469 
1437 1438 1469 1470 
1438 1439 1470 1471 
1439 1440 1471 1472 
1441 1442 1473 1474 
1442 1443 1474 1475 
1443 1444 1475 1476 
1444 1445 1476 1477 
1445 1446 1477 1478 
1446 1447 1478 1479 
1447 1448 1479 1480 
1448 1449 1480 1481 
1449 1450 1481 1482 
1450 1451 1482 1483 
1451 1452 1483 1484 
1452 1453 1484 1485 
1453 1454 1485 1486 
1454 1455 1486 1487 
1455 1456 1487 1488 
1456 1457 1488 1489 
1457 1458 1489 1490 
1458 1459 1490 1491 
1459 1460 1491 1492 
1460 1461 1492 1493 
1461 1462 1493 1494 
1462 1463 1494 1495 
1463 1464 1495 1496 
1464 1465 1496 1497 
1465 1466 1497 1498 
1466 1467 1498 1499 
1467 1468 1499 1500 
1468 1469 1500 1501 
1469 1470 1501 1502 
1470 1471 1502 1503 
1471 1472 1503 1504 
1473 1474 1505 1506 
1474 1475 1506 1507 
1475 1476 1507 1508 
1476 1477 1508 1509 
1477 1478 1509 1510 
1478 1479 1510 1511 
1479 1480 1511 1512 
1480 1481 1512 1513 
1481 1482 1513 1514 
1482 1483 1514 1515 
1483 1484 1515 1516 
1484 1485 1516 1517 
1485 1486 1517 1518 
1486 1487 1518 1519 
1487 1488 1519 1520 
1488 1489 1520 1521 
1489 1490 1521 1522 
1490 1491 1522 1523 
1491 1492 1523 1524 
1492 1493 1524 1525 
1493 1494 1525 1526 
1494 1495 1526 1527 
1495 1496 1527 1528 
1496 1497 1528 1529 
1497 1498 1529 1530 
1498 1499 1530 1531 
1499 1500 1531 1532 
1500 1501 1532 1533 
1501 1502 1533 1534 
1502 1503 1534 1535 
1503 1504 1535 1536 
1505 1506 1537 1538 
1506 1507 1538 1539 
1507 1508 1539 1540 
1508 1509 1540 1541 
1509 1510 1541 1542 
1510 1511 1542 1543 
1511 1512 1543 1544 
1512 1513 1544 1545 
1513 1514 1545 1546 
1514 1515 1546 1547 
1515 1516 1547 1548 
1516 1517 1548 1549 
1517 1518 1549 1550 
1518 1519 1550 1551 
1519 1520 1551 1552 
1520 1521 1552 1553 
1521 1522 1553 1554 
1522 1523 1554 1555 
1523 1524 1555 1556 
1524 1525 1556 1557 
1525 1526 1557 1558 
1526 1527 1558 1559 
1527 1528 1559 1560 
1528 1529 1560 1561 
1529 1530 1561 1562 
1530 1531 1562 1563 
1531 1532 1563 1564 
1532 1533 1564 1565 
1533 1534 1565 1566 
1534 1535 1566 1567 
1535 1536 1567 1568 
1537 1538 1569 1570 
1538 1539 1570 1571 
1539 1540 1571 1572 
1540 1541 1572 1573 
1541 1542 1573 1574 
1542 1543 1574 1575 
1543 1544 1575 1576 
1544 1545 1576 1577 
1545 1546 1577 1578 
1546 1547 1578 1579 
1547 1548 1579 1580 
1548 1549 1580 1581 
1549 1550 1581 1582 
1550 1551 1582 1583 
1551 1552 1583 1584 
1552 1553 1584 1585 
1553 1554 1585 1586 
1554 1555 1586 1587 
1555 1556 1587 1588 
1556 1557 1588 1589 
1557 1558 1589 1590 
1558 1559 1590 1591 
1559 1560 1591 1592 
1560 1561 1592 1593 
1561 1562 1593 1594 
1562 1563 1594 1595 
1563 1564 1595 1596 
1564 1565 1596 1597 
1565 1566 1597 1598 
1566 1567 1598 1599 
1567 1568 1599 1600 
1569 1570 1601 1602 
1570 1571 1602 1603 
1571 1572 1603 1604 
1572 1573 1604 1605 
1573 1574 1605 1606 
1574 1575 1606 1607 
1575 1576 1607 1608 
1576 1577 1608 1609 
1577 1578 1609 1610 
1578 1579 1610 1611 
1579 1580 1611 1612 
1580 1581 1612 1613 
1581 1582 1613 1614 
1582 1583 1614 1615 
1583 1584 1615 1616 
1584 1585 1616 1617 
1585 1586 1617 1618 
1586 1587 1618 1619 
1587 1588 1619 1620 
1588 1589 1620 1621 
1589 1590 1621 1622 
1590 1591 1622 1623 
1591 1592 1623 1624 
1592 1593 1624 1625 
1593 1594 1625 1626 
1594 1595 1626 1627 
1595 1596 1627 1628 
1596 1597 1628 1629 
1597 1598 1629 1630 
1598 1599 1630 1631 
1599 1600 1631 1632 
1601 1602 1633 1634 
1602 1603 1634 1635 
1603 1604 1635 1636 
1604 1605 1636 1637 
1605 1606 1637 1638 
1606 1607 1638 1639 
1607 1608 1639 1640 
1608 1609 1640 1641 
1609 1610 1641 1642 
1610 1611 1642 1643 
1611 1612 1643 1644 
1612 1613 1644 1645 
1613 1614 1645 1646 
1614 1615 1646 1647 
1615 1616 1647 1648 
1616 1617 1648 1649 
1617 1618 1649 1650 
1618 1619 1650 1651 
1619 1620 1651 1652 
1620 1621 1652 1653 
1621 1622 1653 1654 
1622 1623 1654 1655 
1623 1624 1655 1656 
1624 1625 1656 1657 
1625 1626 1657 1658 
1626 1627 1658 1659 
1627 1628 1659 1660 
1628 1629 1660 1661 
1629 1630 1661 1662 
1630 1631 1662 1663 
1631 1632 1663 1664 
1633 1634 1665 1666 
1634 1635 1666 1667 
1635 1636 1667 1668 
1636 1637 1668 1669 
1637 1638 1669 1670 
1638 1639 1670 1671 
1639 1640 1671 1672 
1640 1641 1672 1673 
1641 1642 1673 1674 
1642 1643 1674 1675 
1643 1644 1675 1676 
1644 1645 1676 1677 
1645 1646 1677 1678 
1646 1647 1678 1679 
1647 1648 1679 1680 
1648 1649 1680 1681 
1649 1650 1681 1682 
1650 1651 1682 1683 
1651 1652 1683 1684 
1652 1653 1684 1685 
1653 1654 1685 1686 
1654 1655 1686 1687 
1655 1656 1687 1688 
1656 1657 1688 1689 
1657 1658 1689 1690 
1658 1659 1690 1691 
1659 1660 1691 1692 
1660 1661 1692 1693 
1661 1662 1693 1694 
1662 1663 1694 1695 
1663 1664 1695 1696 
1665 1666 1697 1698 
1666 1667 1698 1699 
1667 1668 1699 1700 
1668 1669 1700 1701 
1669 1670 1701 1702 
1670 1671 1702 1703 
1671 1672 1703 1704 
1672 1673 1704 1705 
1673 1674 1705 1706 
1674 1675 1706 1707 
1675 1676 1707 1708 
1676 1677 1708 1709 
1677 1678 1709 1710 
1678 1679 1710 1711 
1679 1680 1711 1712 
1680 1681 1712 1713 
1681 1682 1713 1714 
1682 1683 1714 1715 
1683 1684 1715 1716 
1684 1685 1716 1717 
1685 1686 1717 1718 
1686 1687 1718 1719 
1687 1688 1719 1720 
1688 1689 1720 1721 
1689 1690 1721 1722 
1690 1691 1722 1723 
1691 1692 1723 1724 
1692 1693 1724 1725 
1693 1694 1725 1726 
1694 1695 1726 1727 
1695 1696 1727 1728 
1697 1698 1729 1730 
1698 1699 1730 1731 
1699 1700 1731 1732 
1700 1701 1732 1733 
1701 1702 1733 1734 
1702 1703 1734 1735 
1703 1704 1735 1736 
1704 1705 1736 1737 
1705 1706 1737 1738 
1706 1707 1738 1739 
1707 1708 1739 1740 
1708 1709 1740 1741 
1709 1710 1741 1742 
1710 1711 1742 1743 
1711 1712 1743 1744 
1712 1713 1744 1745 
1713 1714 1745 1746 
1714 1715 1746 1747 
1715 1716 1747 1748 
1716 1717 1748 1749 
1717 1718 1749 1750 
1718 1719 1750 1751 
1719 1720 1751 1752 
1720 1721 1752 1753 
1721 1722 1753 1754 
1722 1723 1754 1755 
1723 1724 1755 1756 
1724 1725 1756 1757 
1725 1726 1757 1758 
1726 1727 1758 1759 
1727 1728 1759 1760 
1729 1730 1761 1762 
1730 1731 1762 1763 
1731 1732 1763 1764 
1732 1733 1764 1765 
1733 1734 1765 1766 
1734 1735 1766 1767 
1735 1736 1767 1768 
1736 1737 1768 1769 
1737 1738 1769 1770 
1738 1739 1770 1771 
1739 1740 1771 1772 
1740 1741 1772 1773 
1741 1742 1773 1774 
1742 1743 1774 1775 
1743 1744 1775 1776 
1744 1745 1776 1777 
1745 1746 1777 1778 
1746 1747 1778 1779 
1747 1748 1779 1780 
1748 1749 1780 1781 
1749 1750 1781 1782 
1750 1751 1782 1783 
1751 1752 1783 1784 
1752 1753 1784 1785 
1753 1754 1785 1786 
1754 1755 1786 1787 
1755 1756 1787 1788 
1756 1757 1788 1789 
1757 1758 1789 1790 
1758 1759 1790 1791 
1759 1760 1791 1792 
1761 1762 1793 1794 
1762 1763 1794 1795 
1763 1764 1795 1796 
1764 1765 1796 1797 
1765 1766 1797 1798 
1766 1767 1798 1799 
1767 1768 1799 1800 
1768 1769 1800 1801 
1769 1770 1801 1802 
1770 1771 1802 1803 
1771 1772 1803 1804 
1772 1773 1804 1805 
1773 1774 1805 1806 
1774 1775 1806 1807 
1775 1776 1807 1808 
1776 1777 1808 1809 
1777 1778 1809 1810 
1778 1779 1810 1811 
1779 1780 1811 1812 
1780 1781 1812 1813 
1781 1782 1813 1814 
1782 1783 1814 1815 
1783 1784 1815 1816 
1784 1785 1816 1817 
1785 1786 1817 1818 
1786 1787 1818 1819 
1787 1788 1819 1820 
1788 1789 1820 1821 
1789 1790 1821 1822 
1790 1791 1822 1823 
1791 1792 1823 1824 
1793 1794 1825 1826 
1794 1795 1826 1827 
1795 1796 1827 1828 
1796 1797 1828 1829 
1797 1798 1829 1830 
1798 1799 1830 1831 
1799 1800 1831 1832 
1800 1801 1832 1833 
1801 1802 1833 1834 
1802 1803 1834 1835 
1803 1804 1835 1836 
1804 1805 1836 1837 
1805 1806 1837 1838 
1806 1807 1838 1839 
1807 1808 1839 1840 
1808 1809 1840 1841 
1809 1810 1841 1842 
1810 1811 1842 1843 
1811 1812 1843 1844 
1812 1813 1844 1845 
1813 1814 1845 1846 
1814 1815 1846 1847 
1815 1816 1847 1848 
1816 1817 1848 1849 
1817 1818 1849 1850 
1818 1819 1850 1851 
1819 1820 1851 1852 
1820 1821 1852 1853 
1821 1822 1853 1854 
1822 1823 1854 1855 
1823 1824 1855 1856 
1825 1826 1857 1858 
1826 1827 1858 1859 
1827 1828 1859 1860 
1828 1829 1860 1861 
1829 1830 1861 1862 
1830 1831 1862 1863 
1831 1832 1863 1864 
1832 1833 1864 1865 
1833 1834 1865 1866 
1834 1835 1866 1867 
1835 1836 1867 1868 
1836 1837 1868 1869 
1837 1838 1869 1870 
1838 1839 1870 1871 
1839 1840 1871 1872 
1840 1841 1872 1873 
1841 1842 1873 1874 
1842 1843 1874 1875 
1843 1844 1875 1876 
1844 1845 1876 1877 
1845 1846 1877 1878 
1846 1847 1878 1879 
1847 1848 1879 1880 
1848 1849 1880 1881 
1849 1850 1881 1882 
1850 1851 1882 1883 
1851 1852 1883 1884 
1852 1853 1884 1885 
1853 1854 1885 1886 
1854 1855 1886 1887 
1855 1856 1887 1888 
1857 1858 1889 1890 
1858 1859 1890 1891 
1859 1860 1891 1892 
1860 1861 1892 1893 
1861 1862 1893 1894 
1862 1863 1894 1895 
1863 1864 1895 1896 
1864 1865 1896 1897 
1865 1866 1897 1898 
1866 1867 1898 1899 
1867 1868 1899 1900 
1868 1869 1900 1901 
1869 1870 1901 1902 
1870 1871 1902 1903 
1871 1872 1903 1904 
1872 1873 1904 1905 
1873 1874 1905 1906 
1874 1875 1906 1907 
1875 1876 1907 1908 
1876 1877 1908 1909 
1877 1878 1909 1910 
1878 1879 1910 1911 
1879 1880 1911 1912 
1880 1881 1912 1913 
1881 1882 1913 1914 
1882 1883 1914 1915 
1883 1884 1915 1916 
1884 1885 1916 1917 
1885 1886 1917 1918 
1886 1887 1918 1919 
1887 1888 1919 1920 
1889 1890 1921 1922 
1890 1891 1922 1923 
1891 1892 1923 1924 
1892 1893 1924 1925 
1893 1894 1925 1926 
1894 1895 1926 1927 
1895 1896 1927 1928 
1896 1897 1928 1929 
1897 1898 1929 1930 
1898 1899 1930 1931 
1899 1900 1931 1932 
1900 1901 1932 1933 
1901 1902 1933 1934 
1902 1903 1934 1935 
1903 1904 1935 1936 
1904 1905 1936 1937 
1905 1906 1937 1938 
1906 1907 1938 1939 
1907 1908 1939 1940 
1908 1909 1940 1941 
1909 1910 1941 1942 
1910 1911 1942 1943 
1911 1912 1943 1944 
1912 1913 1944 1945 
1913 1914 1945 1946 
1914 1915 1946 1947 
1915 1916 1947 1948 
1916 1917 1948 1949 
1917 1918 1949 1950 
1918 1919 1950 1951 
1919 1920 1951 1952 
1921 1922 1953 1954 
1922 1923 1954 1955 
1923 1924 1955 1956 
1924 1925 1956 1957 
1925 1926 1957 1958 
1926 1927 1958 1959 
1927 1928 1959 1960 
1928 1929 1960 1961 
1929 1930 1961 1962 
1930 1931 1962 1963 
1931 1932 1963 1964 
1932 1933 1964 1965 
1933 1934 1965 1966 
1934 1935 1966 1967 
1935 1936 1967 1968 
1936 1937 1968 1969 
1937 1938 1969 1970 
1938 1939 1970 1971 
1939 1940 1971 1972 
1940 1941 1972 1973 
1941 1942 1973 1974 
1942 1943 1974 1975 
1943 1944 1975 1976 
1944 1945 1976 1977 
1945 1946 1977 1978 
1946 1947 1978 1979 
1947 1948 1979 1980 
1948 1949 1980 1981 
1949 1950 1981 1982 
1950 1951 1982 1983 
1951 1952 1983 1984 
1953 1954 1985 1986 
1954 1955 1986 1987 
1955 1956 1987 1988 
1956 1957 1988 1989 
1957 1958 1989 1990 
1958 1959 1990 1991 
1959 1960 1991 1992 
1960 1961 1992 1993 
1961 1962 1993 1994 
1962 1963 1994 1995 
1963 1964 1995 1996 
1964 1965 1996 1997 
1965 1966 1997 1998 
1966 1967 1998 1999 
1967 1968 1999 2000 
1968 1969 2000 2001 
1969 1970 2001 2002 
1970 1971 2002 2003 
1971 1972 2003 2004 
1972 1973 2004 2005 
1973 1974 2005 2006 
1974 1975 2006 2007 
1975 1976 2007 2008 
1976 1977 2008 2009 
1977 1978 2009 2010 
1978 1979 2010 2011 
1979 1980 2011 2012 
1980 1981 2012 2013 
1981 1982 2013 2014 
1982 1983 2014 2015 
1983 1984 2015 2016 
1985 1986 2017 2018 
1986 1987 2018 2019 
1987 1988 2019 2020 
1988 1989 2020 2021 
1989 1990 2021 2022 
1990 1991 2022 2023 
1991 1992 2023 2024 
1992 1993 2024 2025 
1993 1994 2025 2026 
1994 1995 2026 2027 
1995 1996 2027 2028 
1996 1997 2028 2029 
1997 1998 2029 2030 
1998 1999 2030 2031 
1999 2000 2031 2032 
2000 2001 2032 2033 
2001 2002 2033 2034 
2002 2003 2034 2035 
2003 2004 2035 2036 
2004 2005 2036 2037 
2005 2006 2037 2038 
2006 2007 2038 2039 
2007 2008 2039 2040 
2008 2009 2040 2041 
2009 2010 2041 2042 
2010 2011 2042 2043 
2011 2012 2043 2044 
2012 2013 2044 2045 
2013 2014 2045 2046 
2014 2015 2046 2047 
2015 2016 2047 2048 
2049 2050 2081 2082 
2050 2051 2082 2083 
2051 2052 2083 2084 
2052 2053 2084 2085 
2053 2054 2085 2086 
2054 2055 2086 2087 
2055 2056 2087 2088 
2056 2057 2088 2089 
2057 2058 2089 2090 
2058 2059 2090 2091 
2059 2060 2091 2092 
2060 2061 2092 2093 
2061 2062 2093 2094 
2062 2063 2094 2095 
2063 2064 2095 2096 
2064 2065 2096 2097 
2065 2066 2097 2098 
2066 2067 2098 2099 
2067 2068 2099 2100 
2068 2069 2100 2101 
2069 2070 2101 2102 
2070 2071 2102 2103 
2071 2072 2103 2104 
2072 2073 2104 2105 
2073 2074 2105 2106 
2074 2075 2106 2107 
2075 2076 2107 2108 
2076 2077 2108 2109 
2077 2078 2109 2110 
2078 2079 2110 2111 
2079 2080 2111 2112 
2081 2082 2113 2114 
2082 2083 2114 2115 
2083 2084 2115 2116 
2084 2085 2116 2117 
2085 2086 2117 2118 
2086 2087 2118 2119 
2087 2088 2119 2120 
2088 2089 2120 2121 
2089 2090 2121 2122 
2090 2091 2122 2123 
2091 2092 2123 2124 
2092 2093 2124 2125 
2093 2094 2125 2126 
2094 2095 2126 2127 
2095 2096 2127 2128 
2096 2097 2128 2129 
2097 2098 2129 2130 
2098 2099 2130 2131 
2099 2100 2131 2132 
2100 2101 2132 2133 
2101 2102 2133 2134 
2102 2103 2134 2135 
2103 2104 2135 2136 
2104 2105 2136 2137 
2105 2106 2137 2138 
2106 2107 2138 2139 
2107 2108 2139 2140 
2108 2109 2140 2141 
2109 2110 2141 2142 
2110 2111 2142 2143 
2111 2112 2143 2144 
2113 2114 2145 2146 
2114 2115 2146 2147 
2115 2116 2147 2148 
2116 2117 2148 2149 
2117 2118 2149 2150 
2118 2119 2150 2151 
2119 2120 2151 2152 
2120 2121 2152 2153 
2121 2122 2153 2154 
2122 2123 2154 2155 
2123 2124 2155 2156 
2124 2125 2156 2157 
2125 2126 2157 2158 
2126 2127 2158 2159 
2127 2128 2159 2160 
2128 2129 2160 2161 
2129 2130 2161 2162 
2130 2131 2162 2163 
2131 2132 2163 2164 
2132 2133 2164 2165 
2133 2134 2165 2166 
2134 2135 2166 2167 
2135 2136 2167 2168 
2136 2137 2168 2169 
2137 2138 2169 2170 
2138 2139 2170 2171 
2139 2140 2171 2172 
2140 2141 2172 2173 
2141 2142 2173 2174 
2142 2143 2174 2175 
2143 2144 2175 2176 
2145 2146 2177 2178 
2146 2147 2178 2179 
2147 2148 2179 2180 
2148 2149 2180 2181 
2149 2150 2181 2182 
2150 2151 2182 2183 
2151 2152 2183 2184 
2152 2153 2184 2185 
2153 2154 2185 2186 
2154 2155 2186 2187 
2155 2156 2187 2188 
2156 2157 2188 2189 
2157 2158 2189 2190 
2158 2159 2190 2191 
2159 2160 2191 2192 
2160 2161 2192 2193 
2161 2162 2193 2194 
2162 2163 2194 2195 
2163 2164 2195 2196 
2164 2165 2196 2197 
2165 2166 2197 2198 
2166 2167 2198 2199 
2167 2168 2199 2200 
2168 2169 2200 2201 
2169 2170 2201 2202 
2170 2171 2202 2203 
2171 2172 2203 2204 
2172 2173 2204 2205 
2173 2174 2205 2206 
2174 2175 2206 2207 
2175 2176 2207 2208 
2177 2178 2209 2210 
2178 2179 2210 2211 
2179 2180 2211 2212 
2180 2181 2212 2213 
2181 2182 2213 2214 
2182 2183 2214 2215 
2183 2184 2215 2216 
2184 2185 2216 2217 
2185 2186 2217 2218 
2186 2187 2218 2219 
2187 2188 2219 2220 
2188 2189 2220 2221 
2189 2190 2221 2222 
2190 2191 2222 2223 
2191 2192 2223 2224 
2192 2193 2224 2225 
2193 2194 2225 2226 
2194 2195 2226 2227 
2195 2196 2227 2228 
2196 2197 2228 2229 
2197 2198 2229 2230 
2198 2199 2230 2231 
2199 2200 2231 2232 
2200 2201 2232 2233 
2201 2202 2233 2234 
2202 2203 2234 2235 
2203 2204 2235 2236 
2204 2205 2236 2237 
2205 2206 2237 2238 
2206 2207 2238 2239 
2207 2208 2239 2240 
2209 2210 2241 2242 
2210 2211 2242 2243 
2211 2212 2243 2244 
2212 2213 2244 2245 
2213 2214 2245 2246 
2214 2215 2246 2247 
2215 2216 2247 2248 
2216 2217 2248 2249 
2217 2218 2249 2250 
2218 2219 2250 2251 
2219 2220 2251 2252 
2220 2221 2252 2253 
2221 2222 2253 2254 
2222 2223 2254 2255 
2223 2224 2255 2256 
2224 2225 2256 2257 
2225 2226 2257 2258 
2226 2227 2258 2259 
2227 2228 2259 2260 
2228 2229 2260 2261 
2229 2230 2261 2262 
2230 2231 2262 2263 
2231 2232 2263 2264 
2232 2233 2264 2265 
2233 2234 2265 2266 
2234 2235 2266 2267 
2235 2236 2267 2268 
2236 2237 2268 2269 
2237 2238 2269 2270 
2238 2239 2270 2271 
2239 2240 2271 2272 
2241 2242 2273 2274 
2242 2243 2274 2275 
2243 2244 2275 2276 
2244 2245 2276 2277 
2245 2246 2277 2278 
2246 2247 2278 2279 
2247 2248 2279 2280 
2248 2249 2280 2281 
2249 2250 2281 2282 
2250 2251 2282 2283 
2251 2252 2283 2284 
2252 2253 2284 2285 
2253 2254 2285 2286 
2254 2255 2286 2287 
2255 2256 2287 2288 
2256 2257 2288 2289 
2257 2258 2289 2290 
2258 2259 2290 2291 
2259 2260 2291 2292 
2260 2261 2292 2293 
2261 2262 2293 2294 
2262 2263 2294 2295 
2263 2264 2295 2296 
2264 2265 2296 2297 
2265 2266 2297 2298 
2266 2267 2298 2299 
2267 2268 2299 2300 
2268 2269 2300 2301 
2269 2270 2301 2302 
2270 2271 2302 2303 
2271 2272 2303 2304 
2273 2274 2305 2306 
2274 2275 2306 2307 
2275 2276 2307 2308 
2276 2277 2308 2309 
2277 2278 2309 2310 
2278 2279 2310 2311 
2279 2280 2311 2312 
2280 2281 2312 2313 
2281 2282 2313 2314 
2282 2283 2314 2315 
2283 2284 2315 2316 
2284 2285 2316 2317 
2285 2286 2317 2318 
2286 2287 2318 2319 
2287 2288 2319 2320 
2288 2289 2320 2321 
2289 2290 2321 2322 
2290 2291 2322 2323 
2291 2292 2323 2324 
2292 2293 2324 2325 
2293 2294 2325 2326 
2294 2295 2326 2327 
2295 2296 2327 2328 
2296 2297 2328 2329 
2297 2298 2329 2330 
2298 2299 2330 2331 
2299 2300 2331 2332 
2300 2301 2332 2333 
2301 2302 2333 2334 
2302 2303 2334 2335 
2303 2304 2335 2336 
2305 2306 2337 2338 
2306 2307 2338 2339 
2307 2308 2339 2340 
2308 2309 2340 2341 
2309 2310 2341 2342 
2310 2311 2342 2343 
2311 2312 2343 2344 
2312 2313 2344 2345 
2313 2314 2345 2346 
2314 2315 2346 2347 
2315 2316 2347 2348 
2316 2317 2348 2349 
2317 2318 2349 2350 
2318 2319 2350 2351 
2319 2320 2351 2352 
2320 2321 2352 2353 
2321 2322 2353 2354 
2322 2323 2354 2355 
2323 2324 2355 2356 
2324 2325 2356 2357 
2325 2326 2357 2358 
2326 2327 2358 2359 
2327 2328 2359 2360 
2328 2329 2360 2361 
2329 2330 2361 2362 
2330 2331 2362 2363 
2331 2332 2363 2364 
2332 2333 2364 2365 
2333 2334 2365 2366 
2334 2335 2366 2367 
2335 2336 2367 2368 
2337 2338 2369 2370 
2338 2339 2370 2371 
2339 2340 2371 2372 
2340 2341 2372 2373 
2341 2342 2373 2374 
2342 2343 2374 2375 
2343 2344 2375 2376 
2344 2345 2376 2377 
2345 2346 2377 2378 
2346 2347 2378 2379 
2347 2348 2379 2380 
2348 2349 2380 2381 
2349 2350 2381 2382 
2350 2351 2382 2383 
2351 2352 2383 2384 
2352 2353 2384 2385 
2353 2354 2385 2386 
2354 2355 2386 2387 
2355 2356 2387 2388 
2356 2357 2388 2389 
2357 2358 2389 2390 
2358 2359 2390 2391 
2359 2360 2391 2392 
2360 2361 2392 2393 
2361 2362 2393 2394 
2362 2363 2394 2395 
2363 2364 2395 2396 
2364 2365 2396 2397 
2365 2366 2397 2398 
2366 2367 2398 2399 
2367 2368 2399 2400 
2369 2370 2401 2402 
2370 2371 2402 2403 
2371 2372 2403 2404 
2372 2373 2404 2405 
2373 2374 2405 2406 
2374 2375 2406 2407 
2375 2376 2407 2408 
2376 2377 2408 2409 
2377 2378 2409 2410 
2378 2379 2410 2411 
2379 2380 2411 2412 
2380 2381 2412 2413 
2381 2382 2413 2414 
2382 2383 2414 2415 
2383 2384 2415 2416 
2384 2385 2416 2417 
2385 2386 2417 2418 
2386 2387 2418 2419 
2387 2388 2419 2420 
2388 2389 2420 2421 
2389 2390 2421 2422 
2390 2391 2422 2423 
2391 2392 2423 2424 
2392 2393 2424 2425 
2393 2394 2425 2426 
2394 2395 2426 2427 
2395 2396 2427 2428 
2396 2397 2428 2429 
2397 2398 2429 2430 
2398 2399 2430 2431 
2399 2400 2431 2432 
2401 2402 2433 2434 
2402 2403 2434 2435 
2403 2404 2435 2436 
2404 2405 2436 2437 
2405 2406 2437 2438 
2406 2407 2438 2439 
2407 2408 2439 2440 
2408 2409 2440 2441 
2409 2410 2441 2442 
2410 2411 2442 2443 
2411 2412 2443 2444 
2412 2413 2444 2445 
2413 2414 2445 2446 
2414 2415 2446 2447 
2415 2416 2447 2448 
2416 2417 2448 2449 
2417 2418 2449 2450 
2418 2419 2450 2451 
2419 2420 2451 2452 
2420 2421 2452 2453 
2421 2422 2453 2454 
2422 2423 2454 2455 
2423 2424 2455 2456 
2424 2425 2456 2457 
2425 2426 2457 2458 
2426 2427 2458 2459 
2427 2428 2459 2460 
2428 2429 2460 2461 
2429 2430 2461 2462 
2430 2431 2462 2463 
2431 2432 2463 2464 
2433 2434 2465 2466 
2434 2435 2466 2467 
2435 2436 2467 2468 
2436 2437 2468 2469 
2437 2438 2469 2470 
2438 2439 2470 2471 
2439 2440 2471 2472 
2440 2441 2472 2473 
2441 2442 2473 2474 
2442 2443 2474 2475 
2443 2444 2475 2476 
2444 2445 2476 2477 
2445 2446 2477 2478 
2446 2447 2478 2479 
2447 2448 2479 2480 
2448 2449 2480 2481 
2449 2450 2481 2482 
2450 2451 2482 2483 
2451 2452 2483 2484 
2452 2453 2484 2485 
2453 2454 2485 2486 
2454 2455 2486 2487 
2455 2456 2487 2488 
2456 2457 2488 2489 
2457 2458 2489 2490 
2458 2459 2490 2491 
2459 2460 2491 2492 
2460 2461 2492 2493 
2461 2462 2493 2494 
2462 2463 2494 2495 
2463 2464 2495 2496 
2465 2466 2497 2498 
2466 2467 2498 2499 
2467 2468 2499 2500 
2468 2469 2500 2501 
2469 2470 2501 2502 
2470 2471 2502 2503 
2471 2472 2503 2504 
2472 2473 2504 2505 
2473 2474 2505 2506 
2474 2475 2506 2507 
2475 2476 2507 2508 
2476 2477 2508 2509 
2477 2478 2509 2510 
2478 2479 2510 2511 
2479 2480 2511 2512 
2480 2481 2512 2513 
2481 2482 2513 2514 
2482 2483 2514 2515 
2483 2484 2515 2516 
2484 2485 2516 2517 
2485 2486 2517 2518 
2486 2487 2518 2519 
2487 2488 2519 2520 
2488 2489 2520 2521 
2489 2490 2521 2522 
2490 2491 2522 2523 
2491 2492 2523 2524 
2492 2493 2524 2525 
2493 2494 2525 2526 
2494 2495 2526 2527 
2495 2496 2527 2528 
2497 2498 2529 2530 
2498 2499 2530 2531 
2499 2500 2531 2532 
2500 2501 2532 2533 
2501 2502 2533 2534 
2502 2503 2534 2535 
2503 2504 2535 2536 
2504 2505 2536 2537 
2505 2506 2537 2538 
2506 2507 2538 2539 
2507 2508 2539 2540 
2508 2509 2540 2541 
2509 2510 2541 2542 
2510 2511 2542 2543 
2511 2512 2543 2544 
2512 2513 2544 2545 
2513 2514 2545 2546 
2514 2515 2546 2547 
2515 2516 2547 2548 
2516 2517 2548 2549 
2517 2518 2549 2550 
2518 2519 2550 2551 
2519 2520 2551 2552 
2520 2521 2552 2553 
2521 2522 2553 2554 
2522 2523 2554 2555 
2523 2524 2555 2556 
2524 2525 2556 2557 
2525 2526 2557 2558 
2526 2527 2558 2559 
2527 2528 2559 2560 
2529 2530 2561 2562 
2530 2531 2562 2563 
2531 2532 2563 2564 
2532 2533 2564 2565 
2533 2534 2565 2566 
2534 2535 2566 2567 
2535 2536 2567 2568 
2536 2537 2568 2569 
2537 2538 2569 2570 
2538 2539 2570 2571 
2539 2540 2571 2572 
2540 2541 2572 2573 
2541 2542 2573 2574 
2542 2543 2574 2575 
2543 2544 2575 2576 
2544 2545 2576 2577 
2545 2546 2577 2578 
2546 2547 2578 2579 
2547 2548 2579 2580 
2548 2549 2580 2581 
2549 2550 2581 2582 
2550 2551 2582 2583 
2551 2552 2583 2584 
2552 2553 2584 2585 
2553 2554 2585 2586 
2554 2555 2586 2587 
2555 2556 2587 2588 
2556 2557 2588 2589 
2557 2558 2589 2590 
2558 2559 2590 2591 
2559 2560 2591 2592 
2561 2562 2593 2594 
2562 2563 2594 2595 
2563 2564 2595 2596 
2564 2565 2596 2597 
2565 2566 2597 2598 
2566 2567 2598 2599 
2567 2568 2599 2600 
2568 2569 2600 2601 
2569 2570 2601 2602 
2570 2571 2602 2603 
2571 2572 2603 2604 
2572 2573 2604 2605 
2573 2574 2605 2606 
2574 2575 2606 2607 
2575 2576 2607 2608 
2576 2577 2608 2609 
2577 2578 2609 2610 
2578 2579 2610 2611 
2579 2580 2611 2612 
2580 2581 2612 2613 
2581 2582 2613 2614 
2582 2583 2614 2615 
2583 2584 2615 2616 
2584 2585 2616 2617 
2585 2586 2617 2618 
2586 2587 2618 2619 
2587 2588 2619 2620 
2588 2589 2620 2621 
2589 2590 2621 2622 
2590 2591 2622 2623 
2591 2592 2623 2624 
2593 2594 2625 2626 
2594 2595 2626 2627 
2595 2596 2627 2628 
2596 2597 2628 2629 
2597 2598 2629 2630 
2598 2599 2630 2631 
2599 2600 2631 2632 
2600 2601 2632 2633 
2601 2602 2633 2634 
2602 2603 2634 2635 
2603 2604 2635 2636 
2604 2605 2636 2637 
2605 2606 2637 2638 
2606 2607 2638 2639 
2607 2608 2639 2640 
2608 2609 2640 2641 
2609 2610 2641 2642 
2610 2611 2642 2643 
2611 2612 2643 2644 
2612 2613 2644 2645 
2613 2614 2645 2646 
2614 2615 2646 2647 
2615 2616 2647 2648 
2616 2617 2648 2649 
2617 2618 2649 2650 
2618 2619 2650 2651 
2619 2620 2651 2652 
2620 2621 2652 2653 
2621 2622 2653 2654 
2622 2623 2654 2655 
2623 2624 2655 2656 
2625 2626 2657 2658 
2626 2627 2658 2659 
2627 2628 2659 2660 
2628 2629 2660 2661 
2629 2630 2661 2662 
2630 2631 2662 2663 
2631 2632 2663 2664 
2632 2633 2664 2665 
2633 2634 2665 2666 
2634 2635 2666 2667 
2635 2636 2667 2668 
2636 2637 2668 2669 
2637 2638 2669 2670 
2638 2639 2670 2671 
2639 2640 2671 2672 
2640 2641 2672 2673 
2641 2642 2673 2674 
2642 2643 2674 2675 
2643 2644 2675 2676 
2644 2645 2676 2677 
2645 2646 2677 2678 
2646 2647 2678 2679 
2647 2648 2679 2680 
2648 2649 2680 2681 
2649 2650 2681 2682 
2650 2651 2682 2683 
2651 2652 2683 2684 
2652 2653 2684 2685 
2653 2654 2685 2686 
2654 2655 2686 2687 
2655 2656 2687 2688 
2657 2658 2689 2690 
2658 2659 2690 2691 
2659 2660 2691 2692 
2660 2661 2692 2693 
2661 2662 2693 2694 
2662 2663 2694 2695 
2663 2664 2695 2696 
2664 2665 2696 2697 
2665 2666 2697 2698 
2666 2667 2698 2699 
2667 2668 2699 2700 
2668 2669 2700 2701 
2669 2670 2701 2702 
2670 2671 2702 2703 
2671 2672 2703 2704 
2672 2673 2704 2705 
2673 2674 2705 2706 
2674 2675 2706 2707 
2675 2676 2707 2708 
2676 2677 2708 2709 
2677 2678 2709 2710 
2678 2679 2710 2711 
2679 2680 2711 2712 
2680 2681 2712 2713 
2681 2682 2713 2714 
2682 2683 2714 2715 
2683 2684 2715 2716 
2684 2685 2716 2717 
2685 2686 2717 2718 
2686 2687 2718 2719 
2687 2688 2719 2720 
2689 2690 2721 2722 
2690 2691 2722 2723 
2691 2692 2723 2724 
2692 2693 2724 2725 
2693 2694 2725 2726 
2694 2695 2726 2727 
2695 2696 2727 2728 
2696 2697 2728 2729 
2697 2698 2729 2730 
2698 2699 2730 2731 
2699 2700 2731 2732 
2700 2701 2732 2733 
2701 2702 2733 2734 
2702 2703 2734 2735 
2703 2704 2735 2736 
2704 2705 2736 2737 
2705 2706 2737 2738 
2706 2707 2738 2739 
2707 2708 2739 2740 
2708 2709 2740 2741 
2709 2710 2741 2742 
2710 2711 2742 2743 
2711 2712 2743 2744 
2712 2713 2744 2745 
2713 2714 2745 2746 
2714 2715 2746 2747 
2715 2716 2747 2748 
2716 2717 2748 2749 
2717 2718 2749 2750 
2718 2719 2750 2751 
2719 2720 2751 2752 
2721 2722 2753 2754 
2722 2723 2754 2755 
2723 2724 2755 2756 
2724 2725 2756 2757 
2725 2726 2757 2758 
2726 2727 2758 2759 
2727 2728 2759 2760 
2728 2729 2760 2761 
2729 2730 2761 2762 
2730 2731 2762 2763 
2731 2732 2763 2764 
2732 2733 2764 2765 
2733 2734 2765 2766 
2734 2735 2766 2767 
2735 2736 2767 2768 
2736 2737 2768 2769 
2737 2738 2769 2770 
2738 2739 2770 2771 
2739 2740 2771 2772 
2740 2741 2772 2773 
2741 2742 2773 2774 
2742 2743 2774 2775 
2743 2744 2775 2776 
2744 2745 2776 2777 
2745 2746 2777 2778 
2746 2747 2778 2779 
2747 2748 2779 2780 
2748 2749 2780 2781 
2749 2750 2781 2782 
2750 2751 2782 2783 
2751 2752 2783 2784 
2753 2754 2785 2786 
2754 2755 2786 2787 
2755 2756 2787 2788 
2756 2757 2788 2789 
2757 2758 2789 2790 
2758 2759 2790 2791 
2759 2760 2791 2792 
2760 2761 2792 2793 
2761 2762 2793 2794 
2762 2763 2794 2795 
2763 2764 2795 2796 
2764 2765 2796 2797 
2765 2766 2797 2798 
2766 2767 2798 2799 
2767 2768 2799 2800 
2768 2769 2800 2801 
2769 2770 2801 2802 
2770 2771 2802 2803 
2771 2772 2803 2804 
2772 2773 2804 2805 
2773 2774 2805 2806 
2774 2775 2806 2807 
2775 2776 2807 2808 
2776 2777 2808 2809 
2777 2778 2809 2810 
2778 2779 2810 2811 
2779 2780 2811 2812 
2780 2781 2812 2813 
2781 2782 2813 2814 
2782 2783 2814 2815 
2783 2784 2815 2816 
2785 2786 2817 2818 
2786 2787 2818 2819 
2787 2788 2819 2820 
2788 2789 2820 2821 
2789 2790 2821 2822 
2790 2791 2822 2823 
2791 2792 2823 2824 
2792 2793 2824 2825 
2793 2794 2825 2826 
2794 2795 2826 2827 
2795 2796 2827 2828 
2796 2797 2828 2829 
2797 2798 2829 2830 
2798 2799 2830 2831 
2799 2800 2831 2832 
2800 2801 2832 2833 
2801 2802 2833 2834 
2802 2803 2834 2835 
2803 2804 2835 2836 
2804 2805 2836 2837 
2805 2806 2837 2838 
2806 2807 2838 2839 
2807 2808 2839 2840 
2808 2809 2840 2841 
2809 2810 2841 2842 
2810 2811 2842 2843 
2811 2812 2843 2844 
2812 2813 2844 2845 
2813 2814 2845 2846 
2814 2815 2846 2847 
2815 2816 2847 2848 
2817 2818 2849 2850 
2818 2819 2850 2851 
2819 2820 2851 2852 
2820 2821 2852 2853 
2821 2822 2853 2854 
2822 2823 2854 2855 
2823 2824 2855 2856 
2824 2825 2856 2857 
2825 2826 2857 2858 
2826 2827 2858 2859 
2827 2828 2859 2860 
2828 2829 2860 2861 
2829 2830 2861 2862 
2830 2831 2862 2863 
2831 2832 2863 2864 
2832 2833 2864 2865 
2833 2834 2865 2866 
2834 2835 2866 2867 
2835 2836 2867 2868 
2836 2837 2868 2869 
2837 2838 2869 2870 
2838 2839 2870 2871 
2839 2840 2871 2872 
2840 2841 2872 2873 
2841 2842 2873 2874 
2842 2843 2874 2875 
2843 2844 2875 2876 
2844 2845 2876 2877 
2845 2846 2877 2878 
2846 2847 2878 2879 
2847 2848 2879 2880 
2849 2850 2881 2882 
2850 2851 2882 2883 
2851 2852 2883 2884 
2852 2853 2884 2885 
2853 2854 2885 2886 
2854 2855 2886 2887 
2855 2856 2887 2888 
2856 2857 2888 2889 
2857 2858 2889 2890 
2858 2859 2890 2891 
2859 2860 2891 2892 
2860 2861 2892 2893 
2861 2862 2893 2894 
2862 2863 2894 2895 
2863 2864 2895 2896 
2864 2865 2896 2897 
2865 2866 2897 2898 
2866 2867 2898 2899 
2867 2868 2899 2900 
2868 2869 2900 2901 
2869 2870 2901 2902 
2870 2871 2902 2903 
2871 2872 2903 2904 
2872 2873 2904 2905 
2873 2874 2905 2906 
2874 2875 2906 2907 
2875 2876 2907 2908 
2876 2877 2908 2909 
2877 2878 2909 2910 
2878 2879 2910 2911 
2879 2880 2911 2912 
2881 2882 2913 2914 
2882 2883 2914 2915 
2883 2884 2915 2916 
2884 2885 2916 2917 
2885 2886 2917 2918 
2886 2887 2918 2919 
2887 2888 2919 2920 
2888 2889 2920 2921 
2889 2890 2921 2922 
2890 2891 2922 2923 
2891 2892 2923 2924 
2892 2893 2924 2925 
2893 2894 2925 2926 
2894 2895 2926 2927 
2895 2896 2927 2928 
2896 2897 2928 2929 
2897 2898 2929 2930 
2898 2899 2930 2931 
2899 2900 2931 2932 
2900 2901 2932 2933 
2901 2902 2933 2934 
2902 2903 2934 2935 
2903 2904 2935 2936 
2904 2905 2936 2937 
2905 2906 2937 2938 
2906 2907 2938 2939 
2907 2908 2939 2940 
2908 2909 2940 2941 
2909 2910 2941 2942 
2910 2911 2942 2943 
2911 2912 2943 2944 
2913 2914 2945 2946 
2914 2915 2946 2947 
2915 2916 2947 2948 
2916 2917 2948 2949 
2917 2918 2949 2950 
2918 2919 2950 2951 
2919 2920 2951 2952 
2920 2921 2952 2953 
2921 2922 2953 2954 
2922 2923 2954 2955 
2923 2924 2955 2956 
2924 2925 2956 2957 
2925 2926 2957 2958 
2926 2927 2958 2959 
2927 2928 2959 2960 
2928 2929 2960 2961 
2929 2930 2961 2962 
2930 2931 2962 2963 
2931 2932 2963 2964 
2932 2933 2964 2965 
2933 2934 2965 2966 
2934 2935 2966 2967 
2935 2936 2967 2968 
2936 2937 2968 2969 
2937 2938 2969 2970 
2938 2939 2970 2971 
2939 2940 2971 2972 
2940 2941 2972 2973 
2941 2942 2973 2974 
2942 2943 2974 2975 
2943 2944 2975 2976 
2945 2946 2977 2978 
2946 2947 2978 2979 
2947 2948 2979 2980 
2948 2949 2980 2981 
2949 2950 2981 2982 
2950 2951 2982 2983 
2951 2952 2983 2984 
2952 2953 2984 2985 
2953 2954 2985 2986 
2954 2955 2986 2987 
2955 2956 2987 2988 
2956 2957 2988 2989 
2957 2958 2989 2990 
2958 2959 2990 2991 
2959 2960 2991 2992 
2960 2961 2992 2993 
2961 2962 2993 2994 
2962 2963 2994 2995 
2963 2964 2995 2996 
2964 2965 2996 2997 
2965 2966 2997 2998 
2966 2967 2998 2999 
2967 2968 2999 3000 
2968 2969 3000 3001 
2969 2970 3001 3002 
2970 2971 3002 3003 
2971 2972 3003 3004 
2972 2973 3004 3005 
2973 2974 3005 3006 
2974 2975 3006 3007 
2975 2976 3007 3008 
2977 2978 3009 3010 
2978 2979 3010 3011 
2979 2980 3011 3012 
2980 2981 3012 3013 
2981 2982 3013 3014 
2982 2983 3014 3015 
2983 2984 3015 3016 
2984 2985 3016 3017 
2985 2986 3017 3018 
2986 2987 3018 3019 
2987 2988 3019 3020 
2988 2989 3020 3021 
2989 2990 3021 3022 
2990 2991 3022 3023 
2991 2992 3023 3024 
2992 2993 3024 3025 
2993 2994 3025 3026 
2994 2995 3026 3027 
2995 2996 3027 3028 
2996 2997 3028 3029 
2997 2998 3029 3030 
2998 2999 3030 3031 
2999 3000 3031 3032 
3000 3001 3032 3033 
3001 3002 3033 3034 
3002 3003 3034 3035 
3003 3004 3035 3036 
3004 3005 3036 3037 
3005 3006 3037 3038 
3006 3007 3038 3039 
3007 3008 3039 3040 
3009 3010 3041 3042 
3010 3011 3042 3043 
3011 3012 3043 3044 
3012 3013 3044 3045 
3013 3014 3045 3046 
3014 3015 3046 3047 
3015 3016 3047 3048 
3016 3017 3048 3049 
3017 3018 3049 3050 
3018 3019 3050 3051 
3019 3020 3051 3052 
3020 3021 3052 3053 
3021 3022 3053 3054 
3022 3023 3054 3055 
3023 3024 3055 3056 
3024 3025 3056 3057 
3025 3026 3057 3058 
3026 3027 3058 3059 
3027 3028 3059 3060 
3028 3029 3060 3061 
3029 3030 3061 3062 
3030 3031 3062 3063 
3031 3032 3063 3064 
3032 3033 3064 3065 
3033 3034 3065 3066 
3034 3035 3066 3067 
3035 3036 3067 3068 
3036 3037 3068 3069 
3037 3038 3069 3070 
3038 3039 3070 3071 
3039 3040 3071 3072 
INFO: [SIM 1] CSim done with 0 errors.
INFO: [SIM 3] *************** CSIM finish ***************
