INFO: [SIM 2] *************** CSIM start ***************
INFO: [SIM 4] CSIM will launch GCC as the compiler.
   Compiling ../../../src/tb_mxu.cpp in release mode
   Compiling ../../../src/im2col.cpp in release mode
   Compiling ../../../src/instr.cpp in release mode
   Compiling ../../../src/sa.cpp in release mode
   Generating csim.exe
1 2 33 34 
2 3 34 35 
3 4 35 36 
4 5 36 37 
5 6 37 38 
6 7 38 39 
7 8 39 40 
8 9 40 41 
9 10 41 42 
10 11 42 43 
11 12 43 44 
12 13 44 45 
13 14 45 46 
14 15 46 47 
15 16 47 48 
16 17 48 49 
17 18 49 50 
18 19 50 51 
19 20 51 52 
20 21 52 53 
21 22 53 54 
22 23 54 55 
23 24 55 56 
24 25 56 57 
25 26 57 58 
26 27 58 59 
27 28 59 60 
28 29 60 61 
29 30 61 62 
30 31 62 63 
31 32 63 64 
33 34 65 66 
34 35 66 67 
35 36 67 68 
36 37 68 69 
37 38 69 70 
38 39 70 71 
39 40 71 72 
40 41 72 73 
41 42 73 74 
42 43 74 75 
43 44 75 76 
44 45 76 77 
45 46 77 78 
46 47 78 79 
47 48 79 80 
48 49 80 81 
49 50 81 82 
50 51 82 83 
51 52 83 84 
52 53 84 85 
53 54 85 86 
54 55 86 87 
55 56 87 88 
56 57 88 89 
57 58 89 90 
58 59 90 91 
59 60 91 92 
60 61 92 93 
61 62 93 94 
62 63 94 95 
63 64 95 96 
65 66 97 98 
66 67 98 99 
67 68 99 100 
68 69 100 101 
69 70 101 102 
70 71 102 103 
71 72 103 104 
72 73 104 105 
73 74 105 106 
74 75 106 107 
75 76 107 108 
76 77 108 109 
77 78 109 110 
78 79 110 111 
79 80 111 112 
80 81 112 113 
81 82 113 114 
82 83 114 115 
83 84 115 116 
84 85 116 117 
85 86 117 118 
86 87 118 119 
87 88 119 120 
88 89 120 121 
89 90 121 122 
90 91 122 123 
91 92 123 124 
92 93 124 125 
93 94 125 126 
94 95 126 127 
95 96 127 128 
97 98 129 130 
98 99 130 131 
99 100 131 132 
100 101 132 133 
101 102 133 134 
102 103 134 135 
103 104 135 136 
104 105 136 137 
105 106 137 138 
106 107 138 139 
107 108 139 140 
108 109 140 141 
109 110 141 142 
110 111 142 143 
111 112 143 144 
112 113 144 145 
113 114 145 146 
114 115 146 147 
115 116 147 148 
116 117 148 149 
117 118 149 150 
118 119 150 151 
119 120 151 152 
120 121 152 153 
121 122 153 154 
122 123 154 155 
123 124 155 156 
124 125 156 157 
125 126 157 158 
126 127 158 159 
127 128 159 160 
129 130 161 162 
130 131 162 163 
131 132 163 164 
132 133 164 165 
133 134 165 166 
134 135 166 167 
135 136 167 168 
136 137 168 169 
137 138 169 170 
138 139 170 171 
139 140 171 172 
140 141 172 173 
141 142 173 174 
142 143 174 175 
143 144 175 176 
144 145 176 177 
145 146 177 178 
146 147 178 179 
147 148 179 180 
148 149 180 181 
149 150 181 182 
150 151 182 183 
151 152 183 184 
152 153 184 185 
153 154 185 186 
154 155 186 187 
155 156 187 188 
156 157 188 189 
157 158 189 190 
158 159 190 191 
159 160 191 192 
161 162 193 194 
162 163 194 195 
163 164 195 196 
164 165 196 197 
165 166 197 198 
166 167 198 199 
167 168 199 200 
168 169 200 201 
169 170 201 202 
170 171 202 203 
171 172 203 204 
172 173 204 205 
173 174 205 206 
174 175 206 207 
175 176 207 208 
176 177 208 209 
177 178 209 210 
178 179 210 211 
179 180 211 212 
180 181 212 213 
181 182 213 214 
182 183 214 215 
183 184 215 216 
184 185 216 217 
185 186 217 218 
186 187 218 219 
187 188 219 220 
188 189 220 221 
189 190 221 222 
190 191 222 223 
191 192 223 224 
193 194 225 226 
194 195 226 227 
195 196 227 228 
196 197 228 229 
197 198 229 230 
198 199 230 231 
199 200 231 232 
200 201 232 233 
201 202 233 234 
202 203 234 235 
203 204 235 236 
204 205 236 237 
205 206 237 238 
206 207 238 239 
207 208 239 240 
208 209 240 241 
209 210 241 242 
210 211 242 243 
211 212 243 244 
212 213 244 245 
213 214 245 246 
214 215 246 247 
215 216 247 248 
216 217 248 249 
217 218 249 250 
218 219 250 251 
219 220 251 252 
220 221 252 253 
221 222 253 254 
222 223 254 255 
223 224 255 256 
225 226 257 258 
226 227 258 259 
227 228 259 260 
228 229 260 261 
229 230 261 262 
230 231 262 263 
231 232 263 264 
232 233 264 265 
233 234 265 266 
234 235 266 267 
235 236 267 268 
236 237 268 269 
237 238 269 270 
238 239 270 271 
239 240 271 272 
240 241 272 273 
241 242 273 274 
242 243 274 275 
243 244 275 276 
244 245 276 277 
245 246 277 278 
246 247 278 279 
247 248 279 280 
248 249 280 281 
249 250 281 282 
250 251 282 283 
251 252 283 284 
252 253 284 285 
253 254 285 286 
254 255 286 287 
255 256 287 288 
257 258 289 290 
258 259 290 291 
259 260 291 292 
260 261 292 293 
261 262 293 294 
262 263 294 295 
263 264 295 296 
264 265 296 297 
265 266 297 298 
266 267 298 299 
267 268 299 300 
268 269 300 301 
269 270 301 302 
270 271 302 303 
271 272 303 304 
272 273 304 305 
273 274 305 306 
274 275 306 307 
275 276 307 308 
276 277 308 309 
277 278 309 310 
278 279 310 311 
279 280 311 312 
280 281 312 313 
281 282 313 314 
282 283 314 315 
283 284 315 316 
284 285 316 317 
285 286 317 318 
286 287 318 319 
287 288 319 320 
289 290 321 322 
290 291 322 323 
291 292 323 324 
292 293 324 325 
293 294 325 326 
294 295 326 327 
295 296 327 328 
296 297 328 329 
297 298 329 330 
298 299 330 331 
299 300 331 332 
300 301 332 333 
301 302 333 334 
302 303 334 335 
303 304 335 336 
304 305 336 337 
305 306 337 338 
306 307 338 339 
307 308 339 340 
308 309 340 341 
309 310 341 342 
310 311 342 343 
311 312 343 344 
312 313 344 345 
313 314 345 346 
314 315 346 347 
315 316 347 348 
316 317 348 349 
317 318 349 350 
318 319 350 351 
319 320 351 352 
321 322 353 354 
322 323 354 355 
323 324 355 356 
324 325 356 357 
325 326 357 358 
326 327 358 359 
327 328 359 360 
328 329 360 361 
329 330 361 362 
330 331 362 363 
331 332 363 364 
332 333 364 365 
333 334 365 366 
334 335 366 367 
335 336 367 368 
336 337 368 369 
337 338 369 370 
338 339 370 371 
339 340 371 372 
340 341 372 373 
341 342 373 374 
342 343 374 375 
343 344 375 376 
344 345 376 377 
345 346 377 378 
346 347 378 379 
347 348 379 380 
348 349 380 381 
349 350 381 382 
350 351 382 383 
351 352 383 384 
353 354 385 386 
354 355 386 387 
355 356 387 388 
356 357 388 389 
357 358 389 390 
358 359 390 391 
359 360 391 392 
360 361 392 393 
361 362 393 394 
362 363 394 395 
363 364 395 396 
364 365 396 397 
365 366 397 398 
366 367 398 399 
367 368 399 400 
368 369 400 401 
369 370 401 402 
370 371 402 403 
371 372 403 404 
372 373 404 405 
373 374 405 406 
374 375 406 407 
375 376 407 408 
376 377 408 409 
377 378 409 410 
378 379 410 411 
379 380 411 412 
380 381 412 413 
381 382 413 414 
382 383 414 415 
383 384 415 416 
385 386 417 418 
386 387 418 419 
387 388 419 420 
388 389 420 421 
389 390 421 422 
390 391 422 423 
391 392 423 424 
392 393 424 425 
393 394 425 426 
394 395 426 427 
395 396 427 428 
396 397 428 429 
397 398 429 430 
398 399 430 431 
399 400 431 432 
400 401 432 433 
401 402 433 434 
402 403 434 435 
403 404 435 436 
404 405 436 437 
405 406 437 438 
406 407 438 439 
407 408 439 440 
408 409 440 441 
409 410 441 442 
410 411 442 443 
411 412 443 444 
412 413 444 445 
413 414 445 446 
414 415 446 447 
415 416 447 448 
417 418 449 450 
418 419 450 451 
419 420 451 452 
420 421 452 453 
421 422 453 454 
422 423 454 455 
423 424 455 456 
424 425 456 457 
425 426 457 458 
426 427 458 459 
427 428 459 460 
428 429 460 461 
429 430 461 462 
430 431 462 463 
431 432 463 464 
432 433 464 465 
433 434 465 466 
434 435 466 467 
435 436 467 468 
436 437 468 469 
437 438 469 470 
438 439 470 471 
439 440 471 472 
440 441 472 473 
441 442 473 474 
442 443 474 475 
443 444 475 476 
444 445 476 477 
445 446 477 478 
446 447 478 479 
447 448 479 480 
449 450 481 482 
450 451 482 483 
451 452 483 484 
452 453 484 485 
453 454 485 486 
454 455 486 487 
455 456 487 488 
456 457 488 489 
457 458 489 490 
458 459 490 491 
459 460 491 492 
460 461 492 493 
461 462 493 494 
462 463 494 495 
463 464 495 496 
464 465 496 497 
465 466 497 498 
466 467 498 499 
467 468 499 500 
468 469 500 501 
469 470 501 502 
470 471 502 503 
471 472 503 504 
472 473 504 505 
473 474 505 506 
474 475 506 507 
475 476 507 508 
476 477 508 509 
477 478 509 510 
478 479 510 511 
479 480 511 512 
481 482 513 514 
482 483 514 515 
483 484 515 516 
484 485 516 517 
485 486 517 518 
486 487 518 519 
487 488 519 520 
488 489 520 521 
489 490 521 522 
490 491 522 523 
491 492 523 524 
492 493 524 525 
493 494 525 526 
494 495 526 527 
495 496 527 528 
496 497 528 529 
497 498 529 530 
498 499 530 531 
499 500 531 532 
500 501 532 533 
501 502 533 534 
502 503 534 535 
503 504 535 536 
504 505 536 537 
505 506 537 538 
506 507 538 539 
507 508 539 540 
508 509 540 541 
509 510 541 542 
510 511 542 543 
511 512 543 544 
513 514 545 546 
514 515 546 547 
515 516 547 548 
516 517 548 549 
517 518 549 550 
518 519 550 551 
519 520 551 552 
520 521 552 553 
521 522 553 554 
522 523 554 555 
523 524 555 556 
524 525 556 557 
525 526 557 558 
526 527 558 559 
527 528 559 560 
528 529 560 561 
529 530 561 562 
530 531 562 563 
531 532 563 564 
532 533 564 565 
533 534 565 566 
534 535 566 567 
535 536 567 568 
536 537 568 569 
537 538 569 570 
538 539 570 571 
539 540 571 572 
540 541 572 573 
541 542 573 574 
542 543 574 575 
543 544 575 576 
545 546 577 578 
546 547 578 579 
547 548 579 580 
548 549 580 581 
549 550 581 582 
550 551 582 583 
551 552 583 584 
552 553 584 585 
553 554 585 586 
554 555 586 587 
555 556 587 588 
556 557 588 589 
557 558 589 590 
558 559 590 591 
559 560 591 592 
560 561 592 593 
561 562 593 594 
562 563 594 595 
563 564 595 596 
564 565 596 597 
565 566 597 598 
566 567 598 599 
567 568 599 600 
568 569 600 601 
569 570 601 602 
570 571 602 603 
571 572 603 604 
572 573 604 605 
573 574 605 606 
574 575 606 607 
575 576 607 608 
577 578 609 610 
578 579 610 611 
579 580 611 612 
580 581 612 613 
581 582 613 614 
582 583 614 615 
583 584 615 616 
584 585 616 617 
585 586 617 618 
586 587 618 619 
587 588 619 620 
588 589 620 621 
589 590 621 622 
590 591 622 623 
591 592 623 624 
592 593 624 625 
593 594 625 626 
594 595 626 627 
595 596 627 628 
596 597 628 629 
597 598 629 630 
598 599 630 631 
599 600 631 632 
600 601 632 633 
601 602 633 634 
602 603 634 635 
603 604 635 636 
604 605 636 637 
605 606 637 638 
606 607 638 639 
607 608 639 640 
609 610 641 642 
610 611 642 643 
611 612 643 644 
612 613 644 645 
613 614 645 646 
614 615 646 647 
615 616 647 648 
616 617 648 649 
617 618 649 650 
618 619 650 651 
619 620 651 652 
620 621 652 653 
621 622 653 654 
622 623 654 655 
623 624 655 656 
624 625 656 657 
625 626 657 658 
626 627 658 659 
627 628 659 660 
628 629 660 661 
629 630 661 662 
630 631 662 663 
631 632 663 664 
632 633 664 665 
633 634 665 666 
634 635 666 667 
635 636 667 668 
636 637 668 669 
637 638 669 670 
638 639 670 671 
639 640 671 672 
641 642 673 674 
642 643 674 675 
643 644 675 676 
644 645 676 677 
645 646 677 678 
646 647 678 679 
647 648 679 680 
648 649 680 681 
649 650 681 682 
650 651 682 683 
651 652 683 684 
652 653 684 685 
653 654 685 686 
654 655 686 687 
655 656 687 688 
656 657 688 689 
657 658 689 690 
658 659 690 691 
659 660 691 692 
660 661 692 693 
661 662 693 694 
662 663 694 695 
663 664 695 696 
664 665 696 697 
665 666 697 698 
666 667 698 699 
667 668 699 700 
668 669 700 701 
669 670 701 702 
670 671 702 703 
671 672 703 704 
673 674 705 706 
674 675 706 707 
675 676 707 708 
676 677 708 709 
677 678 709 710 
678 679 710 711 
679 680 711 712 
680 681 712 713 
681 682 713 714 
682 683 714 715 
683 684 715 716 
684 685 716 717 
685 686 717 718 
686 687 718 719 
687 688 719 720 
688 689 720 721 
689 690 721 722 
690 691 722 723 
691 692 723 724 
692 693 724 725 
693 694 725 726 
694 695 726 727 
695 696 727 728 
696 697 728 729 
697 698 729 730 
698 699 730 731 
699 700 731 732 
700 701 732 733 
701 702 733 734 
702 703 734 735 
703 704 735 736 
705 706 737 738 
706 707 738 739 
707 708 739 740 
708 709 740 741 
709 710 741 742 
710 711 742 743 
711 712 743 744 
712 713 744 745 
713 714 745 746 
714 715 746 747 
715 716 747 748 
716 717 748 749 
717 718 749 750 
718 719 750 751 
719 720 751 752 
720 721 752 753 
721 722 753 754 
722 723 754 755 
723 724 755 756 
724 725 756 757 
725 726 757 758 
726 727 758 759 
727 728 759 760 
728 729 760 761 
729 730 761 762 
730 731 762 763 
731 732 763 764 
732 733 764 765 
733 734 765 766 
734 735 766 767 
735 736 767 768 
737 738 769 770 
738 739 770 771 
739 740 771 772 
740 741 772 773 
741 742 773 774 
742 743 774 775 
743 744 775 776 
744 745 776 777 
745 746 777 778 
746 747 778 779 
747 748 779 780 
748 749 780 781 
749 750 781 782 
750 751 782 783 
751 752 783 784 
752 753 784 785 
753 754 785 786 
754 755 786 787 
755 756 787 788 
756 757 788 789 
757 758 789 790 
758 759 790 791 
759 760 791 792 
760 761 792 793 
761 762 793 794 
762 763 794 795 
763 764 795 796 
764 765 796 797 
765 766 797 798 
766 767 798 799 
767 768 799 800 
769 770 801 802 
770 771 802 803 
771 772 803 804 
772 773 804 805 
773 774 805 806 
774 775 806 807 
775 776 807 808 
776 777 808 809 
777 778 809 810 
778 779 810 811 
779 780 811 812 
780 781 812 813 
781 782 813 814 
782 783 814 815 
783 784 815 816 
784 785 816 817 
785 786 817 818 
786 787 818 819 
787 788 819 820 
788 789 820 821 
789 790 821 822 
790 791 822 823 
791 792 823 824 
792 793 824 825 
793 794 825 826 
794 795 826 827 
795 796 827 828 
796 797 828 829 
797 798 829 830 
798 799 830 831 
799 800 831 832 
801 802 833 834 
802 803 834 835 
803 804 835 836 
804 805 836 837 
805 806 837 838 
806 807 838 839 
807 808 839 840 
808 809 840 841 
809 810 841 842 
810 811 842 843 
811 812 843 844 
812 813 844 845 
813 814 845 846 
814 815 846 847 
815 816 847 848 
816 817 848 849 
817 818 849 850 
818 819 850 851 
819 820 851 852 
820 821 852 853 
821 822 853 854 
822 823 854 855 
823 824 855 856 
824 825 856 857 
825 826 857 858 
826 827 858 859 
827 828 859 860 
828 829 860 861 
829 830 861 862 
830 831 862 863 
831 832 863 864 
833 834 865 866 
834 835 866 867 
835 836 867 868 
836 837 868 869 
837 838 869 870 
838 839 870 871 
839 840 871 872 
840 841 872 873 
841 842 873 874 
842 843 874 875 
843 844 875 876 
844 845 876 877 
845 846 877 878 
846 847 878 879 
847 848 879 880 
848 849 880 881 
849 850 881 882 
850 851 882 883 
851 852 883 884 
852 853 884 885 
853 854 885 886 
854 855 886 887 
855 856 887 888 
856 857 888 889 
857 858 889 890 
858 859 890 891 
859 860 891 892 
860 861 892 893 
861 862 893 894 
862 863 894 895 
863 864 895 896 
865 866 897 898 
866 867 898 899 
867 868 899 900 
868 869 900 901 
869 870 901 902 
870 871 902 903 
871 872 903 904 
872 873 904 905 
873 874 905 906 
874 875 906 907 
875 876 907 908 
876 877 908 909 
877 878 909 910 
878 879 910 911 
879 880 911 912 
880 881 912 913 
881 882 913 914 
882 883 914 915 
883 884 915 916 
884 885 916 917 
885 886 917 918 
886 887 918 919 
887 888 919 920 
888 889 920 921 
889 890 921 922 
890 891 922 923 
891 892 923 924 
892 893 924 925 
893 894 925 926 
894 895 926 927 
895 896 927 928 
897 898 929 930 
898 899 930 931 
899 900 931 932 
900 901 932 933 
901 902 933 934 
902 903 934 935 
903 904 935 936 
904 905 936 937 
905 906 937 938 
906 907 938 939 
907 908 939 940 
908 909 940 941 
909 910 941 942 
910 911 942 943 
911 912 943 944 
912 913 944 945 
913 914 945 946 
914 915 946 947 
915 916 947 948 
916 917 948 949 
917 918 949 950 
918 919 950 951 
919 920 951 952 
920 921 952 953 
921 922 953 954 
922 923 954 955 
923 924 955 956 
924 925 956 957 
925 926 957 958 
926 927 958 959 
927 928 959 960 
929 930 961 962 
930 931 962 963 
931 932 963 964 
932 933 964 965 
933 934 965 966 
934 935 966 967 
935 936 967 968 
936 937 968 969 
937 938 969 970 
938 939 970 971 
939 940 971 972 
940 941 972 973 
941 942 973 974 
942 943 974 975 
943 944 975 976 
944 945 976 977 
945 946 977 978 
946 947 978 979 
947 948 979 980 
948 949 980 981 
949 950 981 982 
950 951 982 983 
951 952 983 984 
952 953 984 985 
953 954 985 986 
954 955 986 987 
955 956 987 988 
956 957 988 989 
957 958 989 990 
958 959 990 991 
959 960 991 992 
961 962 993 994 
962 963 994 995 
963 964 995 996 
964 965 996 997 
965 966 997 998 
966 967 998 999 
967 968 999 1000 
968 969 1000 1001 
969 970 1001 1002 
970 971 1002 1003 
971 972 1003 1004 
972 973 1004 1005 
973 974 1005 1006 
974 975 1006 1007 
975 976 1007 1008 
976 977 1008 1009 
977 978 1009 1010 
978 979 1010 1011 
979 980 1011 1012 
980 981 1012 1013 
981 982 1013 1014 
982 983 1014 1015 
983 984 1015 1016 
984 985 1016 1017 
985 986 1017 1018 
986 987 1018 1019 
987 988 1019 1020 
988 989 1020 1021 
989 990 1021 1022 
990 991 1022 1023 
991 992 1023 1024 
10 11 42 43 
11 12 43 44 
12 13 44 45 
13 14 45 46 
14 15 46 47 
15 16 47 48 
16 17 48 49 
17 18 49 50 
18 19 50 51 
19 20 51 52 
20 21 52 53 
21 22 53 54 
22 23 54 55 
23 24 55 56 
24 25 56 57 
25 26 57 58 
26 27 58 59 
27 28 59 60 
28 29 60 61 
29 30 61 62 
30 31 62 63 
31 32 63 64 
32 33 64 65 
33 34 65 66 
34 35 66 67 
35 36 67 68 
36 37 68 69 
37 38 69 70 
38 39 70 71 
39 40 71 72 
40 41 72 73 
42 43 74 75 
43 44 75 76 
44 45 76 77 
45 46 77 78 
46 47 78 79 
47 48 79 80 
48 49 80 81 
49 50 81 82 
50 51 82 83 
51 52 83 84 
52 53 84 85 
53 54 85 86 
54 55 86 87 
55 56 87 88 
56 57 88 89 
57 58 89 90 
58 59 90 91 
59 60 91 92 
60 61 92 93 
61 62 93 94 
62 63 94 95 
63 64 95 96 
64 65 96 97 
65 66 97 98 
66 67 98 99 
67 68 99 100 
68 69 100 101 
69 70 101 102 
70 71 102 103 
71 72 103 104 
72 73 104 105 
74 75 106 107 
75 76 107 108 
76 77 108 109 
77 78 109 110 
78 79 110 111 
79 80 111 112 
80 81 112 113 
81 82 113 114 
82 83 114 115 
83 84 115 116 
84 85 116 117 
85 86 117 118 
86 87 118 119 
87 88 119 120 
88 89 120 121 
89 90 121 122 
90 91 122 123 
91 92 123 124 
92 93 124 125 
93 94 125 126 
94 95 126 127 
95 96 127 128 
96 97 128 129 
97 98 129 130 
98 99 130 131 
99 100 131 132 
100 101 132 133 
101 102 133 134 
102 103 134 135 
103 104 135 136 
104 105 136 137 
106 107 138 139 
107 108 139 140 
108 109 140 141 
109 110 141 142 
110 111 142 143 
111 112 143 144 
112 113 144 145 
113 114 145 146 
114 115 146 147 
115 116 147 148 
116 117 148 149 
117 118 149 150 
118 119 150 151 
119 120 151 152 
120 121 152 153 
121 122 153 154 
122 123 154 155 
123 124 155 156 
124 125 156 157 
125 126 157 158 
126 127 158 159 
127 128 159 160 
128 129 160 161 
129 130 161 162 
130 131 162 163 
131 132 163 164 
132 133 164 165 
133 134 165 166 
134 135 166 167 
135 136 167 168 
136 137 168 169 
138 139 170 171 
139 140 171 172 
140 141 172 173 
141 142 173 174 
142 143 174 175 
143 144 175 176 
144 145 176 177 
145 146 177 178 
146 147 178 179 
147 148 179 180 
148 149 180 181 
149 150 181 182 
150 151 182 183 
151 152 183 184 
152 153 184 185 
153 154 185 186 
154 155 186 187 
155 156 187 188 
156 157 188 189 
157 158 189 190 
158 159 190 191 
159 160 191 192 
160 161 192 193 
161 162 193 194 
162 163 194 195 
163 164 195 196 
164 165 196 197 
165 166 197 198 
166 167 198 199 
167 168 199 200 
168 169 200 201 
170 171 202 203 
171 172 203 204 
172 173 204 205 
173 174 205 206 
174 175 206 207 
175 176 207 208 
176 177 208 209 
177 178 209 210 
178 179 210 211 
179 180 211 212 
180 181 212 213 
181 182 213 214 
182 183 214 215 
183 184 215 216 
184 185 216 217 
185 186 217 218 
186 187 218 219 
187 188 219 220 
188 189 220 221 
189 190 221 222 
190 191 222 223 
191 192 223 224 
192 193 224 225 
193 194 225 226 
194 195 226 227 
195 196 227 228 
196 197 228 229 
197 198 229 230 
198 199 230 231 
199 200 231 232 
200 201 232 233 
202 203 234 235 
203 204 235 236 
204 205 236 237 
205 206 237 238 
206 207 238 239 
207 208 239 240 
208 209 240 241 
209 210 241 242 
210 211 242 243 
211 212 243 244 
212 213 244 245 
213 214 245 246 
214 215 246 247 
215 216 247 248 
216 217 248 249 
217 218 249 250 
218 219 250 251 
219 220 251 252 
220 221 252 253 
221 222 253 254 
222 223 254 255 
223 224 255 256 
224 225 256 257 
225 226 257 258 
226 227 258 259 
227 228 259 260 
228 229 260 261 
229 230 261 262 
230 231 262 263 
231 232 263 264 
232 233 264 265 
234 235 266 267 
235 236 267 268 
236 237 268 269 
237 238 269 270 
238 239 270 271 
239 240 271 272 
240 241 272 273 
241 242 273 274 
242 243 274 275 
243 244 275 276 
244 245 276 277 
245 246 277 278 
246 247 278 279 
247 248 279 280 
248 249 280 281 
249 250 281 282 
250 251 282 283 
251 252 283 284 
252 253 284 285 
253 254 285 286 
254 255 286 287 
255 256 287 288 
256 257 288 289 
257 258 289 290 
258 259 290 291 
259 260 291 292 
260 261 292 293 
261 262 293 294 
262 263 294 295 
263 264 295 296 
264 265 296 297 
266 267 298 299 
267 268 299 300 
268 269 300 301 
269 270 301 302 
270 271 302 303 
271 272 303 304 
272 273 304 305 
273 274 305 306 
274 275 306 307 
275 276 307 308 
276 277 308 309 
277 278 309 310 
278 279 310 311 
279 280 311 312 
280 281 312 313 
281 282 313 314 
282 283 314 315 
283 284 315 316 
284 285 316 317 
285 286 317 318 
286 287 318 319 
287 288 319 320 
288 289 320 321 
289 290 321 322 
290 291 322 323 
291 292 323 324 
292 293 324 325 
293 294 325 326 
294 295 326 327 
295 296 327 328 
296 297 328 329 
298 299 330 331 
299 300 331 332 
300 301 332 333 
301 302 333 334 
302 303 334 335 
303 304 335 336 
304 305 336 337 
305 306 337 338 
306 307 338 339 
307 308 339 340 
308 309 340 341 
309 310 341 342 
310 311 342 343 
311 312 343 344 
312 313 344 345 
313 314 345 346 
314 315 346 347 
315 316 347 348 
316 317 348 349 
317 318 349 350 
318 319 350 351 
319 320 351 352 
320 321 352 353 
321 322 353 354 
322 323 354 355 
323 324 355 356 
324 325 356 357 
325 326 357 358 
326 327 358 359 
327 328 359 360 
328 329 360 361 
330 331 362 363 
331 332 363 364 
332 333 364 365 
333 334 365 366 
334 335 366 367 
335 336 367 368 
336 337 368 369 
337 338 369 370 
338 339 370 371 
339 340 371 372 
340 341 372 373 
341 342 373 374 
342 343 374 375 
343 344 375 376 
344 345 376 377 
345 346 377 378 
346 347 378 379 
347 348 379 380 
348 349 380 381 
349 350 381 382 
350 351 382 383 
351 352 383 384 
352 353 384 385 
353 354 385 386 
354 355 386 387 
355 356 387 388 
356 357 388 389 
357 358 389 390 
358 359 390 391 
359 360 391 392 
360 361 392 393 
362 363 394 395 
363 364 395 396 
364 365 396 397 
365 366 397 398 
366 367 398 399 
367 368 399 400 
368 369 400 401 
369 370 401 402 
370 371 402 403 
371 372 403 404 
372 373 404 405 
373 374 405 406 
374 375 406 407 
375 376 407 408 
376 377 408 409 
377 378 409 410 
378 379 410 411 
379 380 411 412 
380 381 412 413 
381 382 413 414 
382 383 414 415 
383 384 415 416 
384 385 416 417 
385 386 417 418 
386 387 418 419 
387 388 419 420 
388 389 420 421 
389 390 421 422 
390 391 422 423 
391 392 423 424 
392 393 424 425 
394 395 426 427 
395 396 427 428 
396 397 428 429 
397 398 429 430 
398 399 430 431 
399 400 431 432 
400 401 432 433 
401 402 433 434 
402 403 434 435 
403 404 435 436 
404 405 436 437 
405 406 437 438 
406 407 438 439 
407 408 439 440 
408 409 440 441 
409 410 441 442 
410 411 442 443 
411 412 443 444 
412 413 444 445 
413 414 445 446 
414 415 446 447 
415 416 447 448 
416 417 448 449 
417 418 449 450 
418 419 450 451 
419 420 451 452 
420 421 452 453 
421 422 453 454 
422 423 454 455 
423 424 455 456 
424 425 456 457 
426 427 458 459 
427 428 459 460 
428 429 460 461 
429 430 461 462 
430 431 462 463 
431 432 463 464 
432 433 464 465 
433 434 465 466 
434 435 466 467 
435 436 467 468 
436 437 468 469 
437 438 469 470 
438 439 470 471 
439 440 471 472 
440 441 472 473 
441 442 473 474 
442 443 474 475 
443 444 475 476 
444 445 476 477 
445 446 477 478 
446 447 478 479 
447 448 479 480 
448 449 480 481 
449 450 481 482 
450 451 482 483 
451 452 483 484 
452 453 484 485 
453 454 485 486 
454 455 486 487 
455 456 487 488 
456 457 488 489 
458 459 490 491 
459 460 491 492 
460 461 492 493 
461 462 493 494 
462 463 494 495 
463 464 495 496 
464 465 496 497 
465 466 497 498 
466 467 498 499 
467 468 499 500 
468 469 500 501 
469 470 501 502 
470 471 502 503 
471 472 503 504 
472 473 504 505 
473 474 505 506 
474 475 506 507 
475 476 507 508 
476 477 508 509 
477 478 509 510 
478 479 510 511 
479 480 511 512 
480 481 512 513 
481 482 513 514 
482 483 514 515 
483 484 515 516 
484 485 516 517 
485 486 517 518 
486 487 518 519 
487 488 519 520 
488 489 520 521 
490 491 522 523 
491 492 523 524 
492 493 524 525 
493 494 525 526 
494 495 526 527 
495 496 527 528 
496 497 528 529 
497 498 529 530 
498 499 530 531 
499 500 531 532 
500 501 532 533 
501 502 533 534 
502 503 534 535 
503 504 535 536 
504 505 536 537 
505 506 537 538 
506 507 538 539 
507 508 539 540 
508 509 540 541 
509 510 541 542 
510 511 542 543 
511 512 543 544 
512 513 544 545 
513 514 545 546 
514 515 546 547 
515 516 547 548 
516 517 548 549 
517 518 549 550 
518 519 550 551 
519 520 551 552 
520 521 552 553 
522 523 554 555 
523 524 555 556 
524 525 556 557 
525 526 557 558 
526 527 558 559 
527 528 559 560 
528 529 560 561 
529 530 561 562 
530 531 562 563 
531 532 563 564 
532 533 564 565 
533 534 565 566 
534 535 566 567 
535 536 567 568 
536 537 568 569 
537 538 569 570 
538 539 570 571 
539 540 571 572 
540 541 572 573 
541 542 573 574 
542 543 574 575 
543 544 575 576 
544 545 576 577 
545 546 577 578 
546 547 578 579 
547 548 579 580 
548 549 580 581 
549 550 581 582 
550 551 582 583 
551 552 583 584 
552 553 584 585 
554 555 586 587 
555 556 587 588 
556 557 588 589 
557 558 589 590 
558 559 590 591 
559 560 591 592 
560 561 592 593 
561 562 593 594 
562 563 594 595 
563 564 595 596 
564 565 596 597 
565 566 597 598 
566 567 598 599 
567 568 599 600 
568 569 600 601 
569 570 601 602 
570 571 602 603 
571 572 603 604 
572 573 604 605 
573 574 605 606 
574 575 606 607 
575 576 607 608 
576 577 608 609 
577 578 609 610 
578 579 610 611 
579 580 611 612 
580 581 612 613 
581 582 613 614 
582 583 614 615 
583 584 615 616 
584 585 616 617 
586 587 618 619 
587 588 619 620 
588 589 620 621 
589 590 621 622 
590 591 622 623 
591 592 623 624 
592 593 624 625 
593 594 625 626 
594 595 626 627 
595 596 627 628 
596 597 628 629 
597 598 629 630 
598 599 630 631 
599 600 631 632 
600 601 632 633 
601 602 633 634 
602 603 634 635 
603 604 635 636 
604 605 636 637 
605 606 637 638 
606 607 638 639 
607 608 639 640 
608 609 640 641 
609 610 641 642 
610 611 642 643 
611 612 643 644 
612 613 644 645 
613 614 645 646 
614 615 646 647 
615 616 647 648 
616 617 648 649 
618 619 650 651 
619 620 651 652 
620 621 652 653 
621 622 653 654 
622 623 654 655 
623 624 655 656 
624 625 656 657 
625 626 657 658 
626 627 658 659 
627 628 659 660 
628 629 660 661 
629 630 661 662 
630 631 662 663 
631 632 663 664 
632 633 664 665 
633 634 665 666 
634 635 666 667 
635 636 667 668 
636 637 668 669 
637 638 669 670 
638 639 670 671 
639 640 671 672 
640 641 672 673 
641 642 673 674 
642 643 674 675 
643 644 675 676 
644 645 676 677 
645 646 677 678 
646 647 678 679 
647 648 679 680 
648 649 680 681 
650 651 682 683 
651 652 683 684 
652 653 684 685 
653 654 685 686 
654 655 686 687 
655 656 687 688 
656 657 688 689 
657 658 689 690 
658 659 690 691 
659 660 691 692 
660 661 692 693 
661 662 693 694 
662 663 694 695 
663 664 695 696 
664 665 696 697 
665 666 697 698 
666 667 698 699 
667 668 699 700 
668 669 700 701 
669 670 701 702 
670 671 702 703 
671 672 703 704 
672 673 704 705 
673 674 705 706 
674 675 706 707 
675 676 707 708 
676 677 708 709 
677 678 709 710 
678 679 710 711 
679 680 711 712 
680 681 712 713 
682 683 714 715 
683 684 715 716 
684 685 716 717 
685 686 717 718 
686 687 718 719 
687 688 719 720 
688 689 720 721 
689 690 721 722 
690 691 722 723 
691 692 723 724 
692 693 724 725 
693 694 725 726 
694 695 726 727 
695 696 727 728 
696 697 728 729 
697 698 729 730 
698 699 730 731 
699 700 731 732 
700 701 732 733 
701 702 733 734 
702 703 734 735 
703 704 735 736 
704 705 736 737 
705 706 737 738 
706 707 738 739 
707 708 739 740 
708 709 740 741 
709 710 741 742 
710 711 742 743 
711 712 743 744 
712 713 744 745 
714 715 746 747 
715 716 747 748 
716 717 748 749 
717 718 749 750 
718 719 750 751 
719 720 751 752 
720 721 752 753 
721 722 753 754 
722 723 754 755 
723 724 755 756 
724 725 756 757 
725 726 757 758 
726 727 758 759 
727 728 759 760 
728 729 760 761 
729 730 761 762 
730 731 762 763 
731 732 763 764 
732 733 764 765 
733 734 765 766 
734 735 766 767 
735 736 767 768 
736 737 768 769 
737 738 769 770 
738 739 770 771 
739 740 771 772 
740 741 772 773 
741 742 773 774 
742 743 774 775 
743 744 775 776 
744 745 776 777 
746 747 778 779 
747 748 779 780 
748 749 780 781 
749 750 781 782 
750 751 782 783 
751 752 783 784 
752 753 784 785 
753 754 785 786 
754 755 786 787 
755 756 787 788 
756 757 788 789 
757 758 789 790 
758 759 790 791 
759 760 791 792 
760 761 792 793 
761 762 793 794 
762 763 794 795 
763 764 795 796 
764 765 796 797 
765 766 797 798 
766 767 798 799 
767 768 799 800 
768 769 800 801 
769 770 801 802 
770 771 802 803 
771 772 803 804 
772 773 804 805 
773 774 805 806 
774 775 806 807 
775 776 807 808 
776 777 808 809 
778 779 810 811 
779 780 811 812 
780 781 812 813 
781 782 813 814 
782 783 814 815 
783 784 815 816 
784 785 816 817 
785 786 817 818 
786 787 818 819 
787 788 819 820 
788 789 820 821 
789 790 821 822 
790 791 822 823 
791 792 823 824 
792 793 824 825 
793 794 825 826 
794 795 826 827 
795 796 827 828 
796 797 828 829 
797 798 829 830 
798 799 830 831 
799 800 831 832 
800 801 832 833 
801 802 833 834 
802 803 834 835 
803 804 835 836 
804 805 836 837 
805 806 837 838 
806 807 838 839 
807 808 839 840 
808 809 840 841 
810 811 842 843 
811 812 843 844 
812 813 844 845 
813 814 845 846 
814 815 846 847 
815 816 847 848 
816 817 848 849 
817 818 849 850 
818 819 850 851 
819 820 851 852 
820 821 852 853 
821 822 853 854 
822 823 854 855 
823 824 855 856 
824 825 856 857 
825 826 857 858 
826 827 858 859 
827 828 859 860 
828 829 860 861 
829 830 861 862 
830 831 862 863 
831 832 863 864 
832 833 864 865 
833 834 865 866 
834 835 866 867 
835 836 867 868 
836 837 868 869 
837 838 869 870 
838 839 870 871 
839 840 871 872 
840 841 872 873 
842 843 874 875 
843 844 875 876 
844 845 876 877 
845 846 877 878 
846 847 878 879 
847 848 879 880 
848 849 880 881 
849 850 881 882 
850 851 882 883 
851 852 883 884 
852 853 884 885 
853 854 885 886 
854 855 886 887 
855 856 887 888 
856 857 888 889 
857 858 889 890 
858 859 890 891 
859 860 891 892 
860 861 892 893 
861 862 893 894 
862 863 894 895 
863 864 895 896 
864 865 896 897 
865 866 897 898 
866 867 898 899 
867 868 899 900 
868 869 900 901 
869 870 901 902 
870 871 902 903 
871 872 903 904 
872 873 904 905 
874 875 906 907 
875 876 907 908 
876 877 908 909 
877 878 909 910 
878 879 910 911 
879 880 911 912 
880 881 912 913 
881 882 913 914 
882 883 914 915 
883 884 915 916 
884 885 916 917 
885 886 917 918 
886 887 918 919 
887 888 919 920 
888 889 920 921 
889 890 921 922 
890 891 922 923 
891 892 923 924 
892 893 924 925 
893 894 925 926 
894 895 926 927 
895 896 927 928 
896 897 928 929 
897 898 929 930 
898 899 930 931 
899 900 931 932 
900 901 932 933 
901 902 933 934 
902 903 934 935 
903 904 935 936 
904 905 936 937 
906 907 938 939 
907 908 939 940 
908 909 940 941 
909 910 941 942 
910 911 942 943 
911 912 943 944 
912 913 944 945 
913 914 945 946 
914 915 946 947 
915 916 947 948 
916 917 948 949 
917 918 949 950 
918 919 950 951 
919 920 951 952 
920 921 952 953 
921 922 953 954 
922 923 954 955 
923 924 955 956 
924 925 956 957 
925 926 957 958 
926 927 958 959 
927 928 959 960 
928 929 960 961 
929 930 961 962 
930 931 962 963 
931 932 963 964 
932 933 964 965 
933 934 965 966 
934 935 966 967 
935 936 967 968 
936 937 968 969 
938 939 970 971 
939 940 971 972 
940 941 972 973 
941 942 973 974 
942 943 974 975 
943 944 975 976 
944 945 976 977 
945 946 977 978 
946 947 978 979 
947 948 979 980 
948 949 980 981 
949 950 981 982 
950 951 982 983 
951 952 983 984 
952 953 984 985 
953 954 985 986 
954 955 986 987 
955 956 987 988 
956 957 988 989 
957 958 989 990 
958 959 990 991 
959 960 991 992 
960 961 992 993 
961 962 993 994 
962 963 994 995 
963 964 995 996 
964 965 996 997 
965 966 997 998 
966 967 998 999 
967 968 999 1000 
968 969 1000 1001 
970 971 1002 1003 
971 972 1003 1004 
972 973 1004 1005 
973 974 1005 1006 
974 975 1006 1007 
975 976 1007 1008 
976 977 1008 1009 
977 978 1009 1010 
978 979 1010 1011 
979 980 1011 1012 
980 981 1012 1013 
981 982 1013 1014 
982 983 1014 1015 
983 984 1015 1016 
984 985 1016 1017 
985 986 1017 1018 
986 987 1018 1019 
987 988 1019 1020 
988 989 1020 1021 
989 990 1021 1022 
990 991 1022 1023 
991 992 1023 1024 
992 993 1024 1025 
993 994 1025 1026 
994 995 1026 1027 
995 996 1027 1028 
996 997 1028 1029 
997 998 1029 1030 
998 999 1030 1031 
999 1000 1031 1032 
1000 1001 1032 1033 
19 20 51 52 
20 21 52 53 
21 22 53 54 
22 23 54 55 
23 24 55 56 
24 25 56 57 
25 26 57 58 
26 27 58 59 
27 28 59 60 
28 29 60 61 
29 30 61 62 
30 31 62 63 
31 32 63 64 
32 33 64 65 
33 34 65 66 
34 35 66 67 
35 36 67 68 
36 37 68 69 
37 38 69 70 
38 39 70 71 
39 40 71 72 
40 41 72 73 
41 42 73 74 
42 43 74 75 
43 44 75 76 
44 45 76 77 
45 46 77 78 
46 47 78 79 
47 48 79 80 
48 49 80 81 
49 50 81 82 
51 52 83 84 
52 53 84 85 
53 54 85 86 
54 55 86 87 
55 56 87 88 
56 57 88 89 
57 58 89 90 
58 59 90 91 
59 60 91 92 
60 61 92 93 
61 62 93 94 
62 63 94 95 
63 64 95 96 
64 65 96 97 
65 66 97 98 
66 67 98 99 
67 68 99 100 
68 69 100 101 
69 70 101 102 
70 71 102 103 
71 72 103 104 
72 73 104 105 
73 74 105 106 
74 75 106 107 
75 76 107 108 
76 77 108 109 
77 78 109 110 
78 79 110 111 
79 80 111 112 
80 81 112 113 
81 82 113 114 
83 84 115 116 
84 85 116 117 
85 86 117 118 
86 87 118 119 
87 88 119 120 
88 89 120 121 
89 90 121 122 
90 91 122 123 
91 92 123 124 
92 93 124 125 
93 94 125 126 
94 95 126 127 
95 96 127 128 
96 97 128 129 
97 98 129 130 
98 99 130 131 
99 100 131 132 
100 101 132 133 
101 102 133 134 
102 103 134 135 
103 104 135 136 
104 105 136 137 
105 106 137 138 
106 107 138 139 
107 108 139 140 
108 109 140 141 
109 110 141 142 
110 111 142 143 
111 112 143 144 
112 113 144 145 
113 114 145 146 
115 116 147 148 
116 117 148 149 
117 118 149 150 
118 119 150 151 
119 120 151 152 
120 121 152 153 
121 122 153 154 
122 123 154 155 
123 124 155 156 
124 125 156 157 
125 126 157 158 
126 127 158 159 
127 128 159 160 
128 129 160 161 
129 130 161 162 
130 131 162 163 
131 132 163 164 
132 133 164 165 
133 134 165 166 
134 135 166 167 
135 136 167 168 
136 137 168 169 
137 138 169 170 
138 139 170 171 
139 140 171 172 
140 141 172 173 
141 142 173 174 
142 143 174 175 
143 144 175 176 
144 145 176 177 
145 146 177 178 
147 148 179 180 
148 149 180 181 
149 150 181 182 
150 151 182 183 
151 152 183 184 
152 153 184 185 
153 154 185 186 
154 155 186 187 
155 156 187 188 
156 157 188 189 
157 158 189 190 
158 159 190 191 
159 160 191 192 
160 161 192 193 
161 162 193 194 
162 163 194 195 
163 164 195 196 
164 165 196 197 
165 166 197 198 
166 167 198 199 
167 168 199 200 
168 169 200 201 
169 170 201 202 
170 171 202 203 
171 172 203 204 
172 173 204 205 
173 174 205 206 
174 175 206 207 
175 176 207 208 
176 177 208 209 
177 178 209 210 
179 180 211 212 
180 181 212 213 
181 182 213 214 
182 183 214 215 
183 184 215 216 
184 185 216 217 
185 186 217 218 
186 187 218 219 
187 188 219 220 
188 189 220 221 
189 190 221 222 
190 191 222 223 
191 192 223 224 
192 193 224 225 
193 194 225 226 
194 195 226 227 
195 196 227 228 
196 197 228 229 
197 198 229 230 
198 199 230 231 
199 200 231 232 
200 201 232 233 
201 202 233 234 
202 203 234 235 
203 204 235 236 
204 205 236 237 
205 206 237 238 
206 207 238 239 
207 208 239 240 
208 209 240 241 
209 210 241 242 
211 212 243 244 
212 213 244 245 
213 214 245 246 
214 215 246 247 
215 216 247 248 
216 217 248 249 
217 218 249 250 
218 219 250 251 
219 220 251 252 
220 221 252 253 
221 222 253 254 
222 223 254 255 
223 224 255 256 
224 225 256 257 
225 226 257 258 
226 227 258 259 
227 228 259 260 
228 229 260 261 
229 230 261 262 
230 231 262 263 
231 232 263 264 
232 233 264 265 
233 234 265 266 
234 235 266 267 
235 236 267 268 
236 237 268 269 
237 238 269 270 
238 239 270 271 
239 240 271 272 
240 241 272 273 
241 242 273 274 
243 244 275 276 
244 245 276 277 
245 246 277 278 
246 247 278 279 
247 248 279 280 
248 249 280 281 
249 250 281 282 
250 251 282 283 
251 252 283 284 
252 253 284 285 
253 254 285 286 
254 255 286 287 
255 256 287 288 
256 257 288 289 
257 258 289 290 
258 259 290 291 
259 260 291 292 
260 261 292 293 
261 262 293 294 
262 263 294 295 
263 264 295 296 
264 265 296 297 
265 266 297 298 
266 267 298 299 
267 268 299 300 
268 269 300 301 
269 270 301 302 
270 271 302 303 
271 272 303 304 
272 273 304 305 
273 274 305 306 
275 276 307 308 
276 277 308 309 
277 278 309 310 
278 279 310 311 
279 280 311 312 
280 281 312 313 
281 282 313 314 
282 283 314 315 
283 284 315 316 
284 285 316 317 
285 286 317 318 
286 287 318 319 
287 288 319 320 
288 289 320 321 
289 290 321 322 
290 291 322 323 
291 292 323 324 
292 293 324 325 
293 294 325 326 
294 295 326 327 
295 296 327 328 
296 297 328 329 
297 298 329 330 
298 299 330 331 
299 300 331 332 
300 301 332 333 
301 302 333 334 
302 303 334 335 
303 304 335 336 
304 305 336 337 
305 306 337 338 
307 308 339 340 
308 309 340 341 
309 310 341 342 
310 311 342 343 
311 312 343 344 
312 313 344 345 
313 314 345 346 
314 315 346 347 
315 316 347 348 
316 317 348 349 
317 318 349 350 
318 319 350 351 
319 320 351 352 
320 321 352 353 
321 322 353 354 
322 323 354 355 
323 324 355 356 
324 325 356 357 
325 326 357 358 
326 327 358 359 
327 328 359 360 
328 329 360 361 
329 330 361 362 
330 331 362 363 
331 332 363 364 
332 333 364 365 
333 334 365 366 
334 335 366 367 
335 336 367 368 
336 337 368 369 
337 338 369 370 
339 340 371 372 
340 341 372 373 
341 342 373 374 
342 343 374 375 
343 344 375 376 
344 345 376 377 
345 346 377 378 
346 347 378 379 
347 348 379 380 
348 349 380 381 
349 350 381 382 
350 351 382 383 
351 352 383 384 
352 353 384 385 
353 354 385 386 
354 355 386 387 
355 356 387 388 
356 357 388 389 
357 358 389 390 
358 359 390 391 
359 360 391 392 
360 361 392 393 
361 362 393 394 
362 363 394 395 
363 364 395 396 
364 365 396 397 
365 366 397 398 
366 367 398 399 
367 368 399 400 
368 369 400 401 
369 370 401 402 
371 372 403 404 
372 373 404 405 
373 374 405 406 
374 375 406 407 
375 376 407 408 
376 377 408 409 
377 378 409 410 
378 379 410 411 
379 380 411 412 
380 381 412 413 
381 382 413 414 
382 383 414 415 
383 384 415 416 
384 385 416 417 
385 386 417 418 
386 387 418 419 
387 388 419 420 
388 389 420 421 
389 390 421 422 
390 391 422 423 
391 392 423 424 
392 393 424 425 
393 394 425 426 
394 395 426 427 
395 396 427 428 
396 397 428 429 
397 398 429 430 
398 399 430 431 
399 400 431 432 
400 401 432 433 
401 402 433 434 
403 404 435 436 
404 405 436 437 
405 406 437 438 
406 407 438 439 
407 408 439 440 
408 409 440 441 
409 410 441 442 
410 411 442 443 
411 412 443 444 
412 413 444 445 
413 414 445 446 
414 415 446 447 
415 416 447 448 
416 417 448 449 
417 418 449 450 
418 419 450 451 
419 420 451 452 
420 421 452 453 
421 422 453 454 
422 423 454 455 
423 424 455 456 
424 425 456 457 
425 426 457 458 
426 427 458 459 
427 428 459 460 
428 429 460 461 
429 430 461 462 
430 431 462 463 
431 432 463 464 
432 433 464 465 
433 434 465 466 
435 436 467 468 
436 437 468 469 
437 438 469 470 
438 439 470 471 
439 440 471 472 
440 441 472 473 
441 442 473 474 
442 443 474 475 
443 444 475 476 
444 445 476 477 
445 446 477 478 
446 447 478 479 
447 448 479 480 
448 449 480 481 
449 450 481 482 
450 451 482 483 
451 452 483 484 
452 453 484 485 
453 454 485 486 
454 455 486 487 
455 456 487 488 
456 457 488 489 
457 458 489 490 
458 459 490 491 
459 460 491 492 
460 461 492 493 
461 462 493 494 
462 463 494 495 
463 464 495 496 
464 465 496 497 
465 466 497 498 
467 468 499 500 
468 469 500 501 
469 470 501 502 
470 471 502 503 
471 472 503 504 
472 473 504 505 
473 474 505 506 
474 475 506 507 
475 476 507 508 
476 477 508 509 
477 478 509 510 
478 479 510 511 
479 480 511 512 
480 481 512 513 
481 482 513 514 
482 483 514 515 
483 484 515 516 
484 485 516 517 
485 486 517 518 
486 487 518 519 
487 488 519 520 
488 489 520 521 
489 490 521 522 
490 491 522 523 
491 492 523 524 
492 493 524 525 
493 494 525 526 
494 495 526 527 
495 496 527 528 
496 497 528 529 
497 498 529 530 
499 500 531 532 
500 501 532 533 
501 502 533 534 
502 503 534 535 
503 504 535 536 
504 505 536 537 
505 506 537 538 
506 507 538 539 
507 508 539 540 
508 509 540 541 
509 510 541 542 
510 511 542 543 
511 512 543 544 
512 513 544 545 
513 514 545 546 
514 515 546 547 
515 516 547 548 
516 517 548 549 
517 518 549 550 
518 519 550 551 
519 520 551 552 
520 521 552 553 
521 522 553 554 
522 523 554 555 
523 524 555 556 
524 525 556 557 
525 526 557 558 
526 527 558 559 
527 528 559 560 
528 529 560 561 
529 530 561 562 
531 532 563 564 
532 533 564 565 
533 534 565 566 
534 535 566 567 
535 536 567 568 
536 537 568 569 
537 538 569 570 
538 539 570 571 
539 540 571 572 
540 541 572 573 
541 542 573 574 
542 543 574 575 
543 544 575 576 
544 545 576 577 
545 546 577 578 
546 547 578 579 
547 548 579 580 
548 549 580 581 
549 550 581 582 
550 551 582 583 
551 552 583 584 
552 553 584 585 
553 554 585 586 
554 555 586 587 
555 556 587 588 
556 557 588 589 
557 558 589 590 
558 559 590 591 
559 560 591 592 
560 561 592 593 
561 562 593 594 
563 564 595 596 
564 565 596 597 
565 566 597 598 
566 567 598 599 
567 568 599 600 
568 569 600 601 
569 570 601 602 
570 571 602 603 
571 572 603 604 
572 573 604 605 
573 574 605 606 
574 575 606 607 
575 576 607 608 
576 577 608 609 
577 578 609 610 
578 579 610 611 
579 580 611 612 
580 581 612 613 
581 582 613 614 
582 583 614 615 
583 584 615 616 
584 585 616 617 
585 586 617 618 
586 587 618 619 
587 588 619 620 
588 589 620 621 
589 590 621 622 
590 591 622 623 
591 592 623 624 
592 593 624 625 
593 594 625 626 
595 596 627 628 
596 597 628 629 
597 598 629 630 
598 599 630 631 
599 600 631 632 
600 601 632 633 
601 602 633 634 
602 603 634 635 
603 604 635 636 
604 605 636 637 
605 606 637 638 
606 607 638 639 
607 608 639 640 
608 609 640 641 
609 610 641 642 
610 611 642 643 
611 612 643 644 
612 613 644 645 
613 614 645 646 
614 615 646 647 
615 616 647 648 
616 617 648 649 
617 618 649 650 
618 619 650 651 
619 620 651 652 
620 621 652 653 
621 622 653 654 
622 623 654 655 
623 624 655 656 
624 625 656 657 
625 626 657 658 
627 628 659 660 
628 629 660 661 
629 630 661 662 
630 631 662 663 
631 632 663 664 
632 633 664 665 
633 634 665 666 
634 635 666 667 
635 636 667 668 
636 637 668 669 
637 638 669 670 
638 639 670 671 
639 640 671 672 
640 641 672 673 
641 642 673 674 
642 643 674 675 
643 644 675 676 
644 645 676 677 
645 646 677 678 
646 647 678 679 
647 648 679 680 
648 649 680 681 
649 650 681 682 
650 651 682 683 
651 652 683 684 
652 653 684 685 
653 654 685 686 
654 655 686 687 
655 656 687 688 
656 657 688 689 
657 658 689 690 
659 660 691 692 
660 661 692 693 
661 662 693 694 
662 663 694 695 
663 664 695 696 
664 665 696 697 
665 666 697 698 
666 667 698 699 
667 668 699 700 
668 669 700 701 
669 670 701 702 
670 671 702 703 
671 672 703 704 
672 673 704 705 
673 674 705 706 
674 675 706 707 
675 676 707 708 
676 677 708 709 
677 678 709 710 
678 679 710 711 
679 680 711 712 
680 681 712 713 
681 682 713 714 
682 683 714 715 
683 684 715 716 
684 685 716 717 
685 686 717 718 
686 687 718 719 
687 688 719 720 
688 689 720 721 
689 690 721 722 
691 692 723 724 
692 693 724 725 
693 694 725 726 
694 695 726 727 
695 696 727 728 
696 697 728 729 
697 698 729 730 
698 699 730 731 
699 700 731 732 
700 701 732 733 
701 702 733 734 
702 703 734 735 
703 704 735 736 
704 705 736 737 
705 706 737 738 
706 707 738 739 
707 708 739 740 
708 709 740 741 
709 710 741 742 
710 711 742 743 
711 712 743 744 
712 713 744 745 
713 714 745 746 
714 715 746 747 
715 716 747 748 
716 717 748 749 
717 718 749 750 
718 719 750 751 
719 720 751 752 
720 721 752 753 
721 722 753 754 
723 724 755 756 
724 725 756 757 
725 726 757 758 
726 727 758 759 
727 728 759 760 
728 729 760 761 
729 730 761 762 
730 731 762 763 
731 732 763 764 
732 733 764 765 
733 734 765 766 
734 735 766 767 
735 736 767 768 
736 737 768 769 
737 738 769 770 
738 739 770 771 
739 740 771 772 
740 741 772 773 
741 742 773 774 
742 743 774 775 
743 744 775 776 
744 745 776 777 
745 746 777 778 
746 747 778 779 
747 748 779 780 
748 749 780 781 
749 750 781 782 
750 751 782 783 
751 752 783 784 
752 753 784 785 
753 754 785 786 
755 756 787 788 
756 757 788 789 
757 758 789 790 
758 759 790 791 
759 760 791 792 
760 761 792 793 
761 762 793 794 
762 763 794 795 
763 764 795 796 
764 765 796 797 
765 766 797 798 
766 767 798 799 
767 768 799 800 
768 769 800 801 
769 770 801 802 
770 771 802 803 
771 772 803 804 
772 773 804 805 
773 774 805 806 
774 775 806 807 
775 776 807 808 
776 777 808 809 
777 778 809 810 
778 779 810 811 
779 780 811 812 
780 781 812 813 
781 782 813 814 
782 783 814 815 
783 784 815 816 
784 785 816 817 
785 786 817 818 
787 788 819 820 
788 789 820 821 
789 790 821 822 
790 791 822 823 
791 792 823 824 
792 793 824 825 
793 794 825 826 
794 795 826 827 
795 796 827 828 
796 797 828 829 
797 798 829 830 
798 799 830 831 
799 800 831 832 
800 801 832 833 
801 802 833 834 
802 803 834 835 
803 804 835 836 
804 805 836 837 
805 806 837 838 
806 807 838 839 
807 808 839 840 
808 809 840 841 
809 810 841 842 
810 811 842 843 
811 812 843 844 
812 813 844 845 
813 814 845 846 
814 815 846 847 
815 816 847 848 
816 817 848 849 
817 818 849 850 
819 820 851 852 
820 821 852 853 
821 822 853 854 
822 823 854 855 
823 824 855 856 
824 825 856 857 
825 826 857 858 
826 827 858 859 
827 828 859 860 
828 829 860 861 
829 830 861 862 
830 831 862 863 
831 832 863 864 
832 833 864 865 
833 834 865 866 
834 835 866 867 
835 836 867 868 
836 837 868 869 
837 838 869 870 
838 839 870 871 
839 840 871 872 
840 841 872 873 
841 842 873 874 
842 843 874 875 
843 844 875 876 
844 845 876 877 
845 846 877 878 
846 847 878 879 
847 848 879 880 
848 849 880 881 
849 850 881 882 
851 852 883 884 
852 853 884 885 
853 854 885 886 
854 855 886 887 
855 856 887 888 
856 857 888 889 
857 858 889 890 
858 859 890 891 
859 860 891 892 
860 861 892 893 
861 862 893 894 
862 863 894 895 
863 864 895 896 
864 865 896 897 
865 866 897 898 
866 867 898 899 
867 868 899 900 
868 869 900 901 
869 870 901 902 
870 871 902 903 
871 872 903 904 
872 873 904 905 
873 874 905 906 
874 875 906 907 
875 876 907 908 
876 877 908 909 
877 878 909 910 
878 879 910 911 
879 880 911 912 
880 881 912 913 
881 882 913 914 
883 884 915 916 
884 885 916 917 
885 886 917 918 
886 887 918 919 
887 888 919 920 
888 889 920 921 
889 890 921 922 
890 891 922 923 
891 892 923 924 
892 893 924 925 
893 894 925 926 
894 895 926 927 
895 896 927 928 
896 897 928 929 
897 898 929 930 
898 899 930 931 
899 900 931 932 
900 901 932 933 
901 902 933 934 
902 903 934 935 
903 904 935 936 
904 905 936 937 
905 906 937 938 
906 907 938 939 
907 908 939 940 
908 909 940 941 
909 910 941 942 
910 911 942 943 
911 912 943 944 
912 913 944 945 
913 914 945 946 
915 916 947 948 
916 917 948 949 
917 918 949 950 
918 919 950 951 
919 920 951 952 
920 921 952 953 
921 922 953 954 
922 923 954 955 
923 924 955 956 
924 925 956 957 
925 926 957 958 
926 927 958 959 
927 928 959 960 
928 929 960 961 
929 930 961 962 
930 931 962 963 
931 932 963 964 
932 933 964 965 
933 934 965 966 
934 935 966 967 
935 936 967 968 
936 937 968 969 
937 938 969 970 
938 939 970 971 
939 940 971 972 
940 941 972 973 
941 942 973 974 
942 943 974 975 
943 944 975 976 
944 945 976 977 
945 946 977 978 
947 948 979 980 
948 949 980 981 
949 950 981 982 
950 951 982 983 
951 952 983 984 
952 953 984 985 
953 954 985 986 
954 955 986 987 
955 956 987 988 
956 957 988 989 
957 958 989 990 
958 959 990 991 
959 960 991 992 
960 961 992 993 
961 962 993 994 
962 963 994 995 
963 964 995 996 
964 965 996 997 
965 966 997 998 
966 967 998 999 
967 968 999 1000 
968 969 1000 1001 
969 970 1001 1002 
970 971 1002 1003 
971 972 1003 1004 
972 973 1004 1005 
973 974 1005 1006 
974 975 1006 1007 
975 976 1007 1008 
976 977 1008 1009 
977 978 1009 1010 
979 980 1011 1012 
980 981 1012 1013 
981 982 1013 1014 
982 983 1014 1015 
983 984 1015 1016 
984 985 1016 1017 
985 986 1017 1018 
986 987 1018 1019 
987 988 1019 1020 
988 989 1020 1021 
989 990 1021 1022 
990 991 1022 1023 
991 992 1023 1024 
992 993 1024 1025 
993 994 1025 1026 
994 995 1026 1027 
995 996 1027 1028 
996 997 1028 1029 
997 998 1029 1030 
998 999 1030 1031 
999 1000 1031 1032 
1000 1001 1032 1033 
1001 1002 1033 1034 
1002 1003 1034 1035 
1003 1004 1035 1036 
1004 1005 1036 1037 
1005 1006 1037 1038 
1006 1007 1038 1039 
1007 1008 1039 1040 
1008 1009 1040 1041 
1009 1010 1041 1042 
INFO: [SIM 1] CSim done with 0 errors.
INFO: [SIM 3] *************** CSIM finish ***************
